ARM GAS  /var/folders/kp/233_yh1j2dd9gvn3v4mq48f40000gn/T//ccDg0xB1.s 			page 1


   1              		.cpu cortex-m4
   2              		.eabi_attribute 27, 1
   3              		.eabi_attribute 28, 1
   4              		.eabi_attribute 20, 1
   5              		.eabi_attribute 21, 1
   6              		.eabi_attribute 23, 3
   7              		.eabi_attribute 24, 1
   8              		.eabi_attribute 25, 1
   9              		.eabi_attribute 26, 1
  10              		.eabi_attribute 30, 1
  11              		.eabi_attribute 34, 1
  12              		.eabi_attribute 18, 4
  13              		.file	"dma.c"
  14              		.text
  15              	.Ltext0:
  16              		.cfi_sections	.debug_frame
  17              		.section	.text.MX_DMA_Init,"ax",%progbits
  18              		.align	1
  19              		.global	MX_DMA_Init
  20              		.syntax unified
  21              		.thumb
  22              		.thumb_func
  23              		.fpu fpv4-sp-d16
  25              	MX_DMA_Init:
  26              	.LFB130:
  27              		.file 1 "Src/dma.c"
   1:Src/dma.c     **** /**
   2:Src/dma.c     ****   ******************************************************************************
   3:Src/dma.c     ****   * File Name          : dma.c
   4:Src/dma.c     ****   * Description        : This file provides code for the configuration
   5:Src/dma.c     ****   *                      of all the requested memory to memory DMA transfers.
   6:Src/dma.c     ****   ******************************************************************************
   7:Src/dma.c     ****   * @attention
   8:Src/dma.c     ****   *
   9:Src/dma.c     ****   * <h2><center>&copy; Copyright (c) 2021 STMicroelectronics.
  10:Src/dma.c     ****   * All rights reserved.</center></h2>
  11:Src/dma.c     ****   *
  12:Src/dma.c     ****   * This software component is licensed by ST under BSD 3-Clause license,
  13:Src/dma.c     ****   * the "License"; You may not use this file except in compliance with the
  14:Src/dma.c     ****   * License. You may obtain a copy of the License at:
  15:Src/dma.c     ****   *                        opensource.org/licenses/BSD-3-Clause
  16:Src/dma.c     ****   *
  17:Src/dma.c     ****   ******************************************************************************
  18:Src/dma.c     ****   */
  19:Src/dma.c     **** 
  20:Src/dma.c     **** /* Includes ------------------------------------------------------------------*/
  21:Src/dma.c     **** #include "dma.h"
  22:Src/dma.c     **** 
  23:Src/dma.c     **** /* USER CODE BEGIN 0 */
  24:Src/dma.c     **** 
  25:Src/dma.c     **** /* USER CODE END 0 */
  26:Src/dma.c     **** 
  27:Src/dma.c     **** /*----------------------------------------------------------------------------*/
  28:Src/dma.c     **** /* Configure DMA                                                              */
  29:Src/dma.c     **** /*----------------------------------------------------------------------------*/
  30:Src/dma.c     **** 
  31:Src/dma.c     **** /* USER CODE BEGIN 1 */
ARM GAS  /var/folders/kp/233_yh1j2dd9gvn3v4mq48f40000gn/T//ccDg0xB1.s 			page 2


  32:Src/dma.c     **** 
  33:Src/dma.c     **** /* USER CODE END 1 */
  34:Src/dma.c     **** 
  35:Src/dma.c     **** /**
  36:Src/dma.c     ****   * Enable DMA controller clock
  37:Src/dma.c     ****   */
  38:Src/dma.c     **** void MX_DMA_Init(void)
  39:Src/dma.c     **** {
  28              		.loc 1 39 0
  29              		.cfi_startproc
  30              		@ args = 0, pretend = 0, frame = 8
  31              		@ frame_needed = 0, uses_anonymous_args = 0
  32              		@ link register save eliminated.
  33 0000 82B0     		sub	sp, sp, #8
  34              	.LCFI0:
  35              		.cfi_def_cfa_offset 8
  36              	.LBB2:
  40:Src/dma.c     **** 
  41:Src/dma.c     ****   /* DMA controller clock enable */
  42:Src/dma.c     ****   __HAL_RCC_DMA2_CLK_ENABLE();
  37              		.loc 1 42 0
  38 0002 0021     		movs	r1, #0
  39 0004 0091     		str	r1, [sp]
  40 0006 0B4B     		ldr	r3, .L3
  41 0008 1A6B     		ldr	r2, [r3, #48]
  42 000a 42F48002 		orr	r2, r2, #4194304
  43 000e 1A63     		str	r2, [r3, #48]
  44 0010 1A6B     		ldr	r2, [r3, #48]
  45 0012 02F48002 		and	r2, r2, #4194304
  46 0016 0092     		str	r2, [sp]
  47 0018 009A     		ldr	r2, [sp]
  48              	.LBE2:
  49              	.LBB3:
  43:Src/dma.c     ****   __HAL_RCC_DMA1_CLK_ENABLE();
  50              		.loc 1 43 0
  51 001a 0191     		str	r1, [sp, #4]
  52 001c 1A6B     		ldr	r2, [r3, #48]
  53 001e 42F40012 		orr	r2, r2, #2097152
  54 0022 1A63     		str	r2, [r3, #48]
  55 0024 1B6B     		ldr	r3, [r3, #48]
  56 0026 03F40013 		and	r3, r3, #2097152
  57 002a 0193     		str	r3, [sp, #4]
  58 002c 019B     		ldr	r3, [sp, #4]
  59              	.LBE3:
  44:Src/dma.c     **** 
  45:Src/dma.c     **** }
  60              		.loc 1 45 0
  61 002e 02B0     		add	sp, sp, #8
  62              	.LCFI1:
  63              		.cfi_def_cfa_offset 0
  64              		@ sp needed
  65 0030 7047     		bx	lr
  66              	.L4:
  67 0032 00BF     		.align	2
  68              	.L3:
  69 0034 00380240 		.word	1073887232
  70              		.cfi_endproc
ARM GAS  /var/folders/kp/233_yh1j2dd9gvn3v4mq48f40000gn/T//ccDg0xB1.s 			page 3


  71              	.LFE130:
  73              		.text
  74              	.Letext0:
  75              		.file 2 "/Users/geekzjk/opt/gcc-arm-none-eabi-6-2017-q2-update/arm-none-eabi/include/machine/_defa
  76              		.file 3 "/Users/geekzjk/opt/gcc-arm-none-eabi-6-2017-q2-update/arm-none-eabi/include/sys/_stdint.h
  77              		.file 4 "Drivers/CMSIS/Include/core_cm4.h"
  78              		.file 5 "Drivers/CMSIS/Device/ST/STM32F4xx/Include/system_stm32f4xx.h"
  79              		.file 6 "Drivers/CMSIS/Device/ST/STM32F4xx/Include/stm32f405xx.h"
  80              		.file 7 "Drivers/STM32F4xx_HAL_Driver/Inc/stm32f4xx_hal.h"
ARM GAS  /var/folders/kp/233_yh1j2dd9gvn3v4mq48f40000gn/T//ccDg0xB1.s 			page 4


DEFINED SYMBOLS
                            *ABS*:0000000000000000 dma.c
/var/folders/kp/233_yh1j2dd9gvn3v4mq48f40000gn/T//ccDg0xB1.s:18     .text.MX_DMA_Init:0000000000000000 $t
/var/folders/kp/233_yh1j2dd9gvn3v4mq48f40000gn/T//ccDg0xB1.s:25     .text.MX_DMA_Init:0000000000000000 MX_DMA_Init
/var/folders/kp/233_yh1j2dd9gvn3v4mq48f40000gn/T//ccDg0xB1.s:69     .text.MX_DMA_Init:0000000000000034 $d
                     .debug_frame:0000000000000010 $d

NO UNDEFINED SYMBOLS
