ARM GAS  /var/folders/xk/r98rwmxs6v74g9mcvvcfhvz00000gn/T//ccp48I7a.s 			page 1


   1              		.cpu cortex-m4
   2              		.eabi_attribute 27, 1
   3              		.eabi_attribute 28, 1
   4              		.eabi_attribute 20, 1
   5              		.eabi_attribute 21, 1
   6              		.eabi_attribute 23, 3
   7              		.eabi_attribute 24, 1
   8              		.eabi_attribute 25, 1
   9              		.eabi_attribute 26, 1
  10              		.eabi_attribute 30, 1
  11              		.eabi_attribute 34, 1
  12              		.eabi_attribute 18, 4
  13              		.file	"gpio.c"
  14              		.text
  15              	.Ltext0:
  16              		.cfi_sections	.debug_frame
  17              		.section	.text.MX_GPIO_Init,"ax",%progbits
  18              		.align	1
  19              		.global	MX_GPIO_Init
  20              		.arch armv7e-m
  21              		.syntax unified
  22              		.thumb
  23              		.thumb_func
  24              		.fpu fpv4-sp-d16
  26              	MX_GPIO_Init:
  27              	.LFB130:
  28              		.file 1 "Src/gpio.c"
   1:Src/gpio.c    **** /**
   2:Src/gpio.c    ****   ******************************************************************************
   3:Src/gpio.c    ****   * File Name          : gpio.c
   4:Src/gpio.c    ****   * Description        : This file provides code for the configuration
   5:Src/gpio.c    ****   *                      of all used GPIO pins.
   6:Src/gpio.c    ****   ******************************************************************************
   7:Src/gpio.c    ****   * @attention
   8:Src/gpio.c    ****   *
   9:Src/gpio.c    ****   * <h2><center>&copy; Copyright (c) 2021 STMicroelectronics.
  10:Src/gpio.c    ****   * All rights reserved.</center></h2>
  11:Src/gpio.c    ****   *
  12:Src/gpio.c    ****   * This software component is licensed by ST under BSD 3-Clause license,
  13:Src/gpio.c    ****   * the "License"; You may not use this file except in compliance with the
  14:Src/gpio.c    ****   * License. You may obtain a copy of the License at:
  15:Src/gpio.c    ****   *                        opensource.org/licenses/BSD-3-Clause
  16:Src/gpio.c    ****   *
  17:Src/gpio.c    ****   ******************************************************************************
  18:Src/gpio.c    ****   */
  19:Src/gpio.c    **** 
  20:Src/gpio.c    **** /* Includes ------------------------------------------------------------------*/
  21:Src/gpio.c    **** #include "gpio.h"
  22:Src/gpio.c    **** /* USER CODE BEGIN 0 */
  23:Src/gpio.c    **** 
  24:Src/gpio.c    **** /* USER CODE END 0 */
  25:Src/gpio.c    **** 
  26:Src/gpio.c    **** /*----------------------------------------------------------------------------*/
  27:Src/gpio.c    **** /* Configure GPIO                                                             */
  28:Src/gpio.c    **** /*----------------------------------------------------------------------------*/
  29:Src/gpio.c    **** /* USER CODE BEGIN 1 */
  30:Src/gpio.c    **** 
ARM GAS  /var/folders/xk/r98rwmxs6v74g9mcvvcfhvz00000gn/T//ccp48I7a.s 			page 2


  31:Src/gpio.c    **** /* USER CODE END 1 */
  32:Src/gpio.c    **** 
  33:Src/gpio.c    **** /** Configure pins as 
  34:Src/gpio.c    ****         * Analog 
  35:Src/gpio.c    ****         * Input 
  36:Src/gpio.c    ****         * Output
  37:Src/gpio.c    ****         * EVENT_OUT
  38:Src/gpio.c    ****         * EXTI
  39:Src/gpio.c    **** */
  40:Src/gpio.c    **** void MX_GPIO_Init(void)
  41:Src/gpio.c    **** {
  29              		.loc 1 41 1 view -0
  30              		.cfi_startproc
  31              		@ args = 0, pretend = 0, frame = 40
  32              		@ frame_needed = 0, uses_anonymous_args = 0
  33 0000 2DE9F041 		push	{r4, r5, r6, r7, r8, lr}
  34              	.LCFI0:
  35              		.cfi_def_cfa_offset 24
  36              		.cfi_offset 4, -24
  37              		.cfi_offset 5, -20
  38              		.cfi_offset 6, -16
  39              		.cfi_offset 7, -12
  40              		.cfi_offset 8, -8
  41              		.cfi_offset 14, -4
  42 0004 8AB0     		sub	sp, sp, #40
  43              	.LCFI1:
  44              		.cfi_def_cfa_offset 64
  42:Src/gpio.c    **** 
  43:Src/gpio.c    ****   GPIO_InitTypeDef GPIO_InitStruct = {0};
  45              		.loc 1 43 3 view .LVU1
  46              		.loc 1 43 20 is_stmt 0 view .LVU2
  47 0006 0024     		movs	r4, #0
  48 0008 0594     		str	r4, [sp, #20]
  49 000a 0694     		str	r4, [sp, #24]
  50 000c 0794     		str	r4, [sp, #28]
  51 000e 0894     		str	r4, [sp, #32]
  52 0010 0994     		str	r4, [sp, #36]
  44:Src/gpio.c    **** 
  45:Src/gpio.c    ****   /* GPIO Ports Clock Enable */
  46:Src/gpio.c    ****   __HAL_RCC_GPIOC_CLK_ENABLE();
  53              		.loc 1 46 3 is_stmt 1 view .LVU3
  54              	.LBB2:
  55              		.loc 1 46 3 view .LVU4
  56 0012 0094     		str	r4, [sp]
  57              		.loc 1 46 3 view .LVU5
  58 0014 424B     		ldr	r3, .L3
  59 0016 1A6B     		ldr	r2, [r3, #48]
  60 0018 42F00402 		orr	r2, r2, #4
  61 001c 1A63     		str	r2, [r3, #48]
  62              		.loc 1 46 3 view .LVU6
  63 001e 1A6B     		ldr	r2, [r3, #48]
  64 0020 02F00402 		and	r2, r2, #4
  65 0024 0092     		str	r2, [sp]
  66              		.loc 1 46 3 view .LVU7
  67 0026 009A     		ldr	r2, [sp]
  68              	.LBE2:
  69              		.loc 1 46 3 view .LVU8
ARM GAS  /var/folders/xk/r98rwmxs6v74g9mcvvcfhvz00000gn/T//ccp48I7a.s 			page 3


  47:Src/gpio.c    ****   __HAL_RCC_GPIOH_CLK_ENABLE();
  70              		.loc 1 47 3 view .LVU9
  71              	.LBB3:
  72              		.loc 1 47 3 view .LVU10
  73 0028 0194     		str	r4, [sp, #4]
  74              		.loc 1 47 3 view .LVU11
  75 002a 1A6B     		ldr	r2, [r3, #48]
  76 002c 42F08002 		orr	r2, r2, #128
  77 0030 1A63     		str	r2, [r3, #48]
  78              		.loc 1 47 3 view .LVU12
  79 0032 1A6B     		ldr	r2, [r3, #48]
  80 0034 02F08002 		and	r2, r2, #128
  81 0038 0192     		str	r2, [sp, #4]
  82              		.loc 1 47 3 view .LVU13
  83 003a 019A     		ldr	r2, [sp, #4]
  84              	.LBE3:
  85              		.loc 1 47 3 view .LVU14
  48:Src/gpio.c    ****   __HAL_RCC_GPIOB_CLK_ENABLE();
  86              		.loc 1 48 3 view .LVU15
  87              	.LBB4:
  88              		.loc 1 48 3 view .LVU16
  89 003c 0294     		str	r4, [sp, #8]
  90              		.loc 1 48 3 view .LVU17
  91 003e 1A6B     		ldr	r2, [r3, #48]
  92 0040 42F00202 		orr	r2, r2, #2
  93 0044 1A63     		str	r2, [r3, #48]
  94              		.loc 1 48 3 view .LVU18
  95 0046 1A6B     		ldr	r2, [r3, #48]
  96 0048 02F00202 		and	r2, r2, #2
  97 004c 0292     		str	r2, [sp, #8]
  98              		.loc 1 48 3 view .LVU19
  99 004e 029A     		ldr	r2, [sp, #8]
 100              	.LBE4:
 101              		.loc 1 48 3 view .LVU20
  49:Src/gpio.c    ****   __HAL_RCC_GPIOA_CLK_ENABLE();
 102              		.loc 1 49 3 view .LVU21
 103              	.LBB5:
 104              		.loc 1 49 3 view .LVU22
 105 0050 0394     		str	r4, [sp, #12]
 106              		.loc 1 49 3 view .LVU23
 107 0052 1A6B     		ldr	r2, [r3, #48]
 108 0054 42F00102 		orr	r2, r2, #1
 109 0058 1A63     		str	r2, [r3, #48]
 110              		.loc 1 49 3 view .LVU24
 111 005a 1A6B     		ldr	r2, [r3, #48]
 112 005c 02F00102 		and	r2, r2, #1
 113 0060 0392     		str	r2, [sp, #12]
 114              		.loc 1 49 3 view .LVU25
 115 0062 039A     		ldr	r2, [sp, #12]
 116              	.LBE5:
 117              		.loc 1 49 3 view .LVU26
  50:Src/gpio.c    ****   __HAL_RCC_GPIOD_CLK_ENABLE();
 118              		.loc 1 50 3 view .LVU27
 119              	.LBB6:
 120              		.loc 1 50 3 view .LVU28
 121 0064 0494     		str	r4, [sp, #16]
 122              		.loc 1 50 3 view .LVU29
ARM GAS  /var/folders/xk/r98rwmxs6v74g9mcvvcfhvz00000gn/T//ccp48I7a.s 			page 4


 123 0066 1A6B     		ldr	r2, [r3, #48]
 124 0068 42F00802 		orr	r2, r2, #8
 125 006c 1A63     		str	r2, [r3, #48]
 126              		.loc 1 50 3 view .LVU30
 127 006e 1B6B     		ldr	r3, [r3, #48]
 128 0070 03F00803 		and	r3, r3, #8
 129 0074 0493     		str	r3, [sp, #16]
 130              		.loc 1 50 3 view .LVU31
 131 0076 049B     		ldr	r3, [sp, #16]
 132              	.LBE6:
 133              		.loc 1 50 3 view .LVU32
  51:Src/gpio.c    **** 
  52:Src/gpio.c    ****   /*Configure GPIO pin Output Level */
  53:Src/gpio.c    ****   HAL_GPIO_WritePin(M1_SPI_CS_GPIO_Port, M1_SPI_CS_Pin, GPIO_PIN_RESET);
 134              		.loc 1 53 3 view .LVU33
 135 0078 2A4F     		ldr	r7, .L3+4
 136 007a 2246     		mov	r2, r4
 137 007c 4FF40051 		mov	r1, #8192
 138 0080 3846     		mov	r0, r7
 139 0082 FFF7FEFF 		bl	HAL_GPIO_WritePin
 140              	.LVL0:
  54:Src/gpio.c    **** 
  55:Src/gpio.c    ****   /*Configure GPIO pin Output Level */
  56:Src/gpio.c    ****   HAL_GPIO_WritePin(EN_GATE_GPIO_Port, EN_GATE_Pin, GPIO_PIN_RESET);
 141              		.loc 1 56 3 view .LVU34
 142 0086 284E     		ldr	r6, .L3+8
 143 0088 2246     		mov	r2, r4
 144 008a 4FF48051 		mov	r1, #4096
 145 008e 3046     		mov	r0, r6
 146 0090 FFF7FEFF 		bl	HAL_GPIO_WritePin
 147              	.LVL1:
  57:Src/gpio.c    **** 
  58:Src/gpio.c    ****   /*Configure GPIO pin : PtPin */
  59:Src/gpio.c    ****   GPIO_InitStruct.Pin = M1_SPI_CS_Pin;
 148              		.loc 1 59 3 view .LVU35
 149              		.loc 1 59 23 is_stmt 0 view .LVU36
 150 0094 4FF40053 		mov	r3, #8192
 151 0098 0593     		str	r3, [sp, #20]
  60:Src/gpio.c    ****   GPIO_InitStruct.Mode = GPIO_MODE_OUTPUT_PP;
 152              		.loc 1 60 3 is_stmt 1 view .LVU37
 153              		.loc 1 60 24 is_stmt 0 view .LVU38
 154 009a 0125     		movs	r5, #1
 155 009c 0695     		str	r5, [sp, #24]
  61:Src/gpio.c    ****   GPIO_InitStruct.Pull = GPIO_NOPULL;
 156              		.loc 1 61 3 is_stmt 1 view .LVU39
 157              		.loc 1 61 24 is_stmt 0 view .LVU40
 158 009e 0794     		str	r4, [sp, #28]
  62:Src/gpio.c    ****   GPIO_InitStruct.Speed = GPIO_SPEED_FREQ_LOW;
 159              		.loc 1 62 3 is_stmt 1 view .LVU41
 160              		.loc 1 62 25 is_stmt 0 view .LVU42
 161 00a0 0894     		str	r4, [sp, #32]
  63:Src/gpio.c    ****   HAL_GPIO_Init(M1_SPI_CS_GPIO_Port, &GPIO_InitStruct);
 162              		.loc 1 63 3 is_stmt 1 view .LVU43
 163 00a2 05A9     		add	r1, sp, #20
 164 00a4 3846     		mov	r0, r7
 165 00a6 FFF7FEFF 		bl	HAL_GPIO_Init
 166              	.LVL2:
ARM GAS  /var/folders/xk/r98rwmxs6v74g9mcvvcfhvz00000gn/T//ccp48I7a.s 			page 5


  64:Src/gpio.c    **** 
  65:Src/gpio.c    ****   /*Configure GPIO pin : PtPin */
  66:Src/gpio.c    ****   GPIO_InitStruct.Pin = EN_GATE_Pin;
 167              		.loc 1 66 3 view .LVU44
 168              		.loc 1 66 23 is_stmt 0 view .LVU45
 169 00aa 4FF48053 		mov	r3, #4096
 170 00ae 0593     		str	r3, [sp, #20]
  67:Src/gpio.c    ****   GPIO_InitStruct.Mode = GPIO_MODE_OUTPUT_PP;
 171              		.loc 1 67 3 is_stmt 1 view .LVU46
 172              		.loc 1 67 24 is_stmt 0 view .LVU47
 173 00b0 0695     		str	r5, [sp, #24]
  68:Src/gpio.c    ****   GPIO_InitStruct.Pull = GPIO_NOPULL;
 174              		.loc 1 68 3 is_stmt 1 view .LVU48
 175              		.loc 1 68 24 is_stmt 0 view .LVU49
 176 00b2 0794     		str	r4, [sp, #28]
  69:Src/gpio.c    ****   GPIO_InitStruct.Speed = GPIO_SPEED_FREQ_LOW;
 177              		.loc 1 69 3 is_stmt 1 view .LVU50
 178              		.loc 1 69 25 is_stmt 0 view .LVU51
 179 00b4 0894     		str	r4, [sp, #32]
  70:Src/gpio.c    ****   HAL_GPIO_Init(EN_GATE_GPIO_Port, &GPIO_InitStruct);
 180              		.loc 1 70 3 is_stmt 1 view .LVU52
 181 00b6 05A9     		add	r1, sp, #20
 182 00b8 3046     		mov	r0, r6
 183 00ba FFF7FEFF 		bl	HAL_GPIO_Init
 184              	.LVL3:
  71:Src/gpio.c    **** 
  72:Src/gpio.c    ****   /*Configure GPIO pin : PtPin */
  73:Src/gpio.c    ****   GPIO_InitStruct.Pin = M1_HALL_C_Pin;
 185              		.loc 1 73 3 view .LVU53
 186              		.loc 1 73 23 is_stmt 0 view .LVU54
 187 00be 4FF40073 		mov	r3, #512
 188 00c2 0593     		str	r3, [sp, #20]
  74:Src/gpio.c    ****   GPIO_InitStruct.Mode = GPIO_MODE_IT_RISING_FALLING;
 189              		.loc 1 74 3 is_stmt 1 view .LVU55
 190              		.loc 1 74 24 is_stmt 0 view .LVU56
 191 00c4 DFF86880 		ldr	r8, .L3+16
 192 00c8 CDF81880 		str	r8, [sp, #24]
  75:Src/gpio.c    ****   GPIO_InitStruct.Pull = GPIO_PULLUP;
 193              		.loc 1 75 3 is_stmt 1 view .LVU57
 194              		.loc 1 75 24 is_stmt 0 view .LVU58
 195 00cc 0795     		str	r5, [sp, #28]
  76:Src/gpio.c    ****   HAL_GPIO_Init(M1_HALL_C_GPIO_Port, &GPIO_InitStruct);
 196              		.loc 1 76 3 is_stmt 1 view .LVU59
 197 00ce 05A9     		add	r1, sp, #20
 198 00d0 3846     		mov	r0, r7
 199 00d2 FFF7FEFF 		bl	HAL_GPIO_Init
 200              	.LVL4:
  77:Src/gpio.c    **** 
  78:Src/gpio.c    ****   /*Configure GPIO pin : PtPin */
  79:Src/gpio.c    ****   GPIO_InitStruct.Pin = nFAULT_Pin;
 201              		.loc 1 79 3 view .LVU60
 202              		.loc 1 79 23 is_stmt 0 view .LVU61
 203 00d6 0423     		movs	r3, #4
 204 00d8 0593     		str	r3, [sp, #20]
  80:Src/gpio.c    ****   GPIO_InitStruct.Mode = GPIO_MODE_INPUT;
 205              		.loc 1 80 3 is_stmt 1 view .LVU62
 206              		.loc 1 80 24 is_stmt 0 view .LVU63
ARM GAS  /var/folders/xk/r98rwmxs6v74g9mcvvcfhvz00000gn/T//ccp48I7a.s 			page 6


 207 00da 0694     		str	r4, [sp, #24]
  81:Src/gpio.c    ****   GPIO_InitStruct.Pull = GPIO_PULLUP;
 208              		.loc 1 81 3 is_stmt 1 view .LVU64
 209              		.loc 1 81 24 is_stmt 0 view .LVU65
 210 00dc 0795     		str	r5, [sp, #28]
  82:Src/gpio.c    ****   HAL_GPIO_Init(nFAULT_GPIO_Port, &GPIO_InitStruct);
 211              		.loc 1 82 3 is_stmt 1 view .LVU66
 212 00de 05A9     		add	r1, sp, #20
 213 00e0 1248     		ldr	r0, .L3+12
 214 00e2 FFF7FEFF 		bl	HAL_GPIO_Init
 215              	.LVL5:
  83:Src/gpio.c    **** 
  84:Src/gpio.c    ****   /*Configure GPIO pins : PBPin PBPin */
  85:Src/gpio.c    ****   GPIO_InitStruct.Pin = M1_HALL_A_Pin|M1_HALL_B_Pin;
 216              		.loc 1 85 3 view .LVU67
 217              		.loc 1 85 23 is_stmt 0 view .LVU68
 218 00e6 3023     		movs	r3, #48
 219 00e8 0593     		str	r3, [sp, #20]
  86:Src/gpio.c    ****   GPIO_InitStruct.Mode = GPIO_MODE_IT_RISING_FALLING;
 220              		.loc 1 86 3 is_stmt 1 view .LVU69
 221              		.loc 1 86 24 is_stmt 0 view .LVU70
 222 00ea CDF81880 		str	r8, [sp, #24]
  87:Src/gpio.c    ****   GPIO_InitStruct.Pull = GPIO_PULLUP;
 223              		.loc 1 87 3 is_stmt 1 view .LVU71
 224              		.loc 1 87 24 is_stmt 0 view .LVU72
 225 00ee 0795     		str	r5, [sp, #28]
  88:Src/gpio.c    ****   HAL_GPIO_Init(GPIOB, &GPIO_InitStruct);
 226              		.loc 1 88 3 is_stmt 1 view .LVU73
 227 00f0 05A9     		add	r1, sp, #20
 228 00f2 3046     		mov	r0, r6
 229 00f4 FFF7FEFF 		bl	HAL_GPIO_Init
 230              	.LVL6:
  89:Src/gpio.c    **** 
  90:Src/gpio.c    ****   /* EXTI interrupt init*/
  91:Src/gpio.c    ****   HAL_NVIC_SetPriority(EXTI4_IRQn, 0, 0);
 231              		.loc 1 91 3 view .LVU74
 232 00f8 2246     		mov	r2, r4
 233 00fa 2146     		mov	r1, r4
 234 00fc 0A20     		movs	r0, #10
 235 00fe FFF7FEFF 		bl	HAL_NVIC_SetPriority
 236              	.LVL7:
  92:Src/gpio.c    ****   HAL_NVIC_EnableIRQ(EXTI4_IRQn);
 237              		.loc 1 92 3 view .LVU75
 238 0102 0A20     		movs	r0, #10
 239 0104 FFF7FEFF 		bl	HAL_NVIC_EnableIRQ
 240              	.LVL8:
  93:Src/gpio.c    **** 
  94:Src/gpio.c    ****   HAL_NVIC_SetPriority(EXTI9_5_IRQn, 0, 0);
 241              		.loc 1 94 3 view .LVU76
 242 0108 2246     		mov	r2, r4
 243 010a 2146     		mov	r1, r4
 244 010c 1720     		movs	r0, #23
 245 010e FFF7FEFF 		bl	HAL_NVIC_SetPriority
 246              	.LVL9:
  95:Src/gpio.c    ****   HAL_NVIC_EnableIRQ(EXTI9_5_IRQn);
 247              		.loc 1 95 3 view .LVU77
 248 0112 1720     		movs	r0, #23
ARM GAS  /var/folders/xk/r98rwmxs6v74g9mcvvcfhvz00000gn/T//ccp48I7a.s 			page 7


 249 0114 FFF7FEFF 		bl	HAL_NVIC_EnableIRQ
 250              	.LVL10:
  96:Src/gpio.c    **** 
  97:Src/gpio.c    **** }
 251              		.loc 1 97 1 is_stmt 0 view .LVU78
 252 0118 0AB0     		add	sp, sp, #40
 253              	.LCFI2:
 254              		.cfi_def_cfa_offset 24
 255              		@ sp needed
 256 011a BDE8F081 		pop	{r4, r5, r6, r7, r8, pc}
 257              	.L4:
 258 011e 00BF     		.align	2
 259              	.L3:
 260 0120 00380240 		.word	1073887232
 261 0124 00080240 		.word	1073874944
 262 0128 00040240 		.word	1073873920
 263 012c 000C0240 		.word	1073875968
 264 0130 00003110 		.word	271646720
 265              		.cfi_endproc
 266              	.LFE130:
 268              		.text
 269              	.Letext0:
 270              		.file 2 "/Users/geekzjk/opt/gcc-arm-none-eabi-9-2019-q4-major/arm-none-eabi/include/machine/_defau
 271              		.file 3 "/Users/geekzjk/opt/gcc-arm-none-eabi-9-2019-q4-major/arm-none-eabi/include/sys/_stdint.h"
 272              		.file 4 "Drivers/CMSIS/Include/core_cm4.h"
 273              		.file 5 "Drivers/CMSIS/Device/ST/STM32F4xx/Include/system_stm32f4xx.h"
 274              		.file 6 "Drivers/CMSIS/Device/ST/STM32F4xx/Include/stm32f405xx.h"
 275              		.file 7 "Drivers/STM32F4xx_HAL_Driver/Inc/stm32f4xx_hal_gpio.h"
 276              		.file 8 "Drivers/STM32F4xx_HAL_Driver/Inc/stm32f4xx_hal.h"
 277              		.file 9 "Drivers/STM32F4xx_HAL_Driver/Inc/stm32f4xx_hal_cortex.h"
ARM GAS  /var/folders/xk/r98rwmxs6v74g9mcvvcfhvz00000gn/T//ccp48I7a.s 			page 8


DEFINED SYMBOLS
                            *ABS*:0000000000000000 gpio.c
/var/folders/xk/r98rwmxs6v74g9mcvvcfhvz00000gn/T//ccp48I7a.s:18     .text.MX_GPIO_Init:0000000000000000 $t
/var/folders/xk/r98rwmxs6v74g9mcvvcfhvz00000gn/T//ccp48I7a.s:26     .text.MX_GPIO_Init:0000000000000000 MX_GPIO_Init
/var/folders/xk/r98rwmxs6v74g9mcvvcfhvz00000gn/T//ccp48I7a.s:260    .text.MX_GPIO_Init:0000000000000120 $d

UNDEFINED SYMBOLS
HAL_GPIO_WritePin
HAL_GPIO_Init
HAL_NVIC_SetPriority
HAL_NVIC_EnableIRQ
