ARM GAS  /var/folders/kp/233_yh1j2dd9gvn3v4mq48f40000gn/T//ccTz7xlO.s 			page 1


   1              		.cpu cortex-m4
   2              		.eabi_attribute 27, 1
   3              		.eabi_attribute 28, 1
   4              		.eabi_attribute 20, 1
   5              		.eabi_attribute 21, 1
   6              		.eabi_attribute 23, 3
   7              		.eabi_attribute 24, 1
   8              		.eabi_attribute 25, 1
   9              		.eabi_attribute 26, 1
  10              		.eabi_attribute 30, 1
  11              		.eabi_attribute 34, 1
  12              		.eabi_attribute 18, 4
  13              		.file	"main.c"
  14              		.text
  15              	.Ltext0:
  16              		.cfi_sections	.debug_frame
  17              		.section	.text.SystemClock_Config,"ax",%progbits
  18              		.align	1
  19              		.global	SystemClock_Config
  20              		.syntax unified
  21              		.thumb
  22              		.thumb_func
  23              		.fpu fpv4-sp-d16
  25              	SystemClock_Config:
  26              	.LFB131:
  27              		.file 1 "Src/main.c"
   1:Src/main.c    **** /* USER CODE BEGIN Header */
   2:Src/main.c    **** /**
   3:Src/main.c    ****   ******************************************************************************
   4:Src/main.c    ****   * @file           : main.c
   5:Src/main.c    ****   * @brief          : Main program body
   6:Src/main.c    ****   ******************************************************************************
   7:Src/main.c    ****   * @attention
   8:Src/main.c    ****   *
   9:Src/main.c    ****   * <h2><center>&copy; Copyright (c) 2021 STMicroelectronics.
  10:Src/main.c    ****   * All rights reserved.</center></h2>
  11:Src/main.c    ****   *
  12:Src/main.c    ****   * This software component is licensed by ST under BSD 3-Clause license,
  13:Src/main.c    ****   * the "License"; You may not use this file except in compliance with the
  14:Src/main.c    ****   * License. You may obtain a copy of the License at:
  15:Src/main.c    ****   *                        opensource.org/licenses/BSD-3-Clause
  16:Src/main.c    ****   *
  17:Src/main.c    ****   ******************************************************************************
  18:Src/main.c    ****   */
  19:Src/main.c    **** /* USER CODE END Header */
  20:Src/main.c    **** 
  21:Src/main.c    **** /* Includes ------------------------------------------------------------------*/
  22:Src/main.c    **** #include "main.h"
  23:Src/main.c    **** #include "adc.h"
  24:Src/main.c    **** #include "can.h"
  25:Src/main.c    **** #include "dma.h"
  26:Src/main.c    **** #include "spi.h"
  27:Src/main.c    **** #include "tim.h"
  28:Src/main.c    **** #include "gpio.h"
  29:Src/main.c    **** 
  30:Src/main.c    **** /* Private includes ----------------------------------------------------------*/
  31:Src/main.c    **** /* USER CODE BEGIN Includes */
ARM GAS  /var/folders/kp/233_yh1j2dd9gvn3v4mq48f40000gn/T//ccTz7xlO.s 			page 2


  32:Src/main.c    **** #include "user_main.h"
  33:Src/main.c    **** /* USER CODE END Includes */
  34:Src/main.c    **** 
  35:Src/main.c    **** /* Private typedef -----------------------------------------------------------*/
  36:Src/main.c    **** /* USER CODE BEGIN PTD */
  37:Src/main.c    **** 
  38:Src/main.c    **** /* USER CODE END PTD */
  39:Src/main.c    **** 
  40:Src/main.c    **** /* Private define ------------------------------------------------------------*/
  41:Src/main.c    **** /* USER CODE BEGIN PD */
  42:Src/main.c    **** /* USER CODE END PD */
  43:Src/main.c    **** 
  44:Src/main.c    **** /* Private macro -------------------------------------------------------------*/
  45:Src/main.c    **** /* USER CODE BEGIN PM */
  46:Src/main.c    **** 
  47:Src/main.c    **** /* USER CODE END PM */
  48:Src/main.c    **** 
  49:Src/main.c    **** /* Private variables ---------------------------------------------------------*/
  50:Src/main.c    **** 
  51:Src/main.c    **** /* USER CODE BEGIN PV */
  52:Src/main.c    **** 
  53:Src/main.c    **** /* USER CODE END PV */
  54:Src/main.c    **** 
  55:Src/main.c    **** /* Private function prototypes -----------------------------------------------*/
  56:Src/main.c    **** void SystemClock_Config(void);
  57:Src/main.c    **** /* USER CODE BEGIN PFP */
  58:Src/main.c    **** 
  59:Src/main.c    **** /* USER CODE END PFP */
  60:Src/main.c    **** 
  61:Src/main.c    **** /* Private user code ---------------------------------------------------------*/
  62:Src/main.c    **** /* USER CODE BEGIN 0 */
  63:Src/main.c    **** 
  64:Src/main.c    **** /* USER CODE END 0 */
  65:Src/main.c    **** 
  66:Src/main.c    **** /**
  67:Src/main.c    ****   * @brief  The application entry point.
  68:Src/main.c    ****   * @retval int
  69:Src/main.c    ****   */
  70:Src/main.c    **** int main(void)
  71:Src/main.c    **** {
  72:Src/main.c    ****   /* USER CODE BEGIN 1 */
  73:Src/main.c    ****   
  74:Src/main.c    ****   /* USER CODE END 1 */
  75:Src/main.c    **** 
  76:Src/main.c    ****   /* MCU Configuration--------------------------------------------------------*/
  77:Src/main.c    **** 
  78:Src/main.c    ****   /* Reset of all peripherals, Initializes the Flash interface and the Systick. */
  79:Src/main.c    ****   HAL_Init();
  80:Src/main.c    **** 
  81:Src/main.c    ****   /* USER CODE BEGIN Init */
  82:Src/main.c    **** 
  83:Src/main.c    ****   /* USER CODE END Init */
  84:Src/main.c    **** 
  85:Src/main.c    ****   /* Configure the system clock */
  86:Src/main.c    ****   SystemClock_Config();
  87:Src/main.c    **** 
  88:Src/main.c    ****   /* USER CODE BEGIN SysInit */
ARM GAS  /var/folders/kp/233_yh1j2dd9gvn3v4mq48f40000gn/T//ccTz7xlO.s 			page 3


  89:Src/main.c    **** 
  90:Src/main.c    ****   /* USER CODE END SysInit */
  91:Src/main.c    **** 
  92:Src/main.c    ****   /* Initialize all configured peripherals */
  93:Src/main.c    ****   MX_GPIO_Init();
  94:Src/main.c    ****   MX_DMA_Init();
  95:Src/main.c    ****   MX_ADC1_Init();
  96:Src/main.c    ****   MX_SPI3_Init();
  97:Src/main.c    ****   MX_TIM1_Init();
  98:Src/main.c    ****   MX_TIM7_Init();
  99:Src/main.c    ****   MX_CAN1_Init();
 100:Src/main.c    ****   MX_TIM6_Init();
 101:Src/main.c    ****   MX_TIM10_Init();
 102:Src/main.c    ****   /* USER CODE BEGIN 2 */
 103:Src/main.c    ****   user_setup();
 104:Src/main.c    ****   /* USER CODE END 2 */
 105:Src/main.c    **** 
 106:Src/main.c    ****   /* Infinite loop */
 107:Src/main.c    ****   /* USER CODE BEGIN WHILE */
 108:Src/main.c    ****   while (1)
 109:Src/main.c    ****   {
 110:Src/main.c    ****     user_loop();
 111:Src/main.c    ****     /* USER CODE END WHILE */
 112:Src/main.c    **** 
 113:Src/main.c    ****     /* USER CODE BEGIN 3 */
 114:Src/main.c    ****   }
 115:Src/main.c    ****   /* USER CODE END 3 */
 116:Src/main.c    **** }
 117:Src/main.c    **** 
 118:Src/main.c    **** /**
 119:Src/main.c    ****   * @brief System Clock Configuration
 120:Src/main.c    ****   * @retval None
 121:Src/main.c    ****   */
 122:Src/main.c    **** void SystemClock_Config(void)
 123:Src/main.c    **** {
  28              		.loc 1 123 0
  29              		.cfi_startproc
  30              		@ args = 0, pretend = 0, frame = 80
  31              		@ frame_needed = 0, uses_anonymous_args = 0
  32 0000 30B5     		push	{r4, r5, lr}
  33              	.LCFI0:
  34              		.cfi_def_cfa_offset 12
  35              		.cfi_offset 4, -12
  36              		.cfi_offset 5, -8
  37              		.cfi_offset 14, -4
  38 0002 95B0     		sub	sp, sp, #84
  39              	.LCFI1:
  40              		.cfi_def_cfa_offset 96
 124:Src/main.c    ****   RCC_OscInitTypeDef RCC_OscInitStruct = {0};
  41              		.loc 1 124 0
  42 0004 3022     		movs	r2, #48
  43 0006 0021     		movs	r1, #0
  44 0008 08A8     		add	r0, sp, #32
  45 000a FFF7FEFF 		bl	memset
  46              	.LVL0:
 125:Src/main.c    ****   RCC_ClkInitTypeDef RCC_ClkInitStruct = {0};
  47              		.loc 1 125 0
ARM GAS  /var/folders/kp/233_yh1j2dd9gvn3v4mq48f40000gn/T//ccTz7xlO.s 			page 4


  48 000e 0024     		movs	r4, #0
  49 0010 0394     		str	r4, [sp, #12]
  50 0012 0494     		str	r4, [sp, #16]
  51 0014 0594     		str	r4, [sp, #20]
  52 0016 0694     		str	r4, [sp, #24]
  53 0018 0794     		str	r4, [sp, #28]
  54              	.LBB2:
 126:Src/main.c    **** 
 127:Src/main.c    ****   /** Configure the main internal regulator output voltage
 128:Src/main.c    ****   */
 129:Src/main.c    ****   __HAL_RCC_PWR_CLK_ENABLE();
  55              		.loc 1 129 0
  56 001a 0194     		str	r4, [sp, #4]
  57 001c 1B4B     		ldr	r3, .L3
  58 001e 1A6C     		ldr	r2, [r3, #64]
  59 0020 42F08052 		orr	r2, r2, #268435456
  60 0024 1A64     		str	r2, [r3, #64]
  61 0026 1B6C     		ldr	r3, [r3, #64]
  62 0028 03F08053 		and	r3, r3, #268435456
  63 002c 0193     		str	r3, [sp, #4]
  64 002e 019B     		ldr	r3, [sp, #4]
  65              	.LBE2:
  66              	.LBB3:
 130:Src/main.c    ****   __HAL_PWR_VOLTAGESCALING_CONFIG(PWR_REGULATOR_VOLTAGE_SCALE1);
  67              		.loc 1 130 0
  68 0030 0294     		str	r4, [sp, #8]
  69 0032 174B     		ldr	r3, .L3+4
  70 0034 1A68     		ldr	r2, [r3]
  71 0036 42F48042 		orr	r2, r2, #16384
  72 003a 1A60     		str	r2, [r3]
  73 003c 1B68     		ldr	r3, [r3]
  74 003e 03F48043 		and	r3, r3, #16384
  75 0042 0293     		str	r3, [sp, #8]
  76 0044 029B     		ldr	r3, [sp, #8]
  77              	.LBE3:
 131:Src/main.c    ****   /** Initializes the CPU, AHB and APB busses clocks
 132:Src/main.c    ****   */
 133:Src/main.c    ****   RCC_OscInitStruct.OscillatorType = RCC_OSCILLATORTYPE_HSE;
  78              		.loc 1 133 0
  79 0046 0123     		movs	r3, #1
  80 0048 0893     		str	r3, [sp, #32]
 134:Src/main.c    ****   RCC_OscInitStruct.HSEState = RCC_HSE_ON;
  81              		.loc 1 134 0
  82 004a 4FF48033 		mov	r3, #65536
  83 004e 0993     		str	r3, [sp, #36]
 135:Src/main.c    ****   RCC_OscInitStruct.PLL.PLLState = RCC_PLL_ON;
  84              		.loc 1 135 0
  85 0050 0225     		movs	r5, #2
  86 0052 0E95     		str	r5, [sp, #56]
 136:Src/main.c    ****   RCC_OscInitStruct.PLL.PLLSource = RCC_PLLSOURCE_HSE;
  87              		.loc 1 136 0
  88 0054 4FF48003 		mov	r3, #4194304
  89 0058 0F93     		str	r3, [sp, #60]
 137:Src/main.c    ****   RCC_OscInitStruct.PLL.PLLM = 6;
  90              		.loc 1 137 0
  91 005a 0623     		movs	r3, #6
  92 005c 1093     		str	r3, [sp, #64]
ARM GAS  /var/folders/kp/233_yh1j2dd9gvn3v4mq48f40000gn/T//ccTz7xlO.s 			page 5


 138:Src/main.c    ****   RCC_OscInitStruct.PLL.PLLN = 216;
  93              		.loc 1 138 0
  94 005e D823     		movs	r3, #216
  95 0060 1193     		str	r3, [sp, #68]
 139:Src/main.c    ****   RCC_OscInitStruct.PLL.PLLP = RCC_PLLP_DIV4;
  96              		.loc 1 139 0
  97 0062 0423     		movs	r3, #4
  98 0064 1293     		str	r3, [sp, #72]
 140:Src/main.c    ****   RCC_OscInitStruct.PLL.PLLQ = 4;
  99              		.loc 1 140 0
 100 0066 1393     		str	r3, [sp, #76]
 141:Src/main.c    ****   if (HAL_RCC_OscConfig(&RCC_OscInitStruct) != HAL_OK)
 101              		.loc 1 141 0
 102 0068 08A8     		add	r0, sp, #32
 103 006a FFF7FEFF 		bl	HAL_RCC_OscConfig
 104              	.LVL1:
 142:Src/main.c    ****   {
 143:Src/main.c    ****     Error_Handler();
 144:Src/main.c    ****   }
 145:Src/main.c    ****   /** Initializes the CPU, AHB and APB busses clocks
 146:Src/main.c    ****   */
 147:Src/main.c    ****   RCC_ClkInitStruct.ClockType = RCC_CLOCKTYPE_HCLK|RCC_CLOCKTYPE_SYSCLK
 105              		.loc 1 147 0
 106 006e 0F23     		movs	r3, #15
 107 0070 0393     		str	r3, [sp, #12]
 148:Src/main.c    ****                               |RCC_CLOCKTYPE_PCLK1|RCC_CLOCKTYPE_PCLK2;
 149:Src/main.c    ****   RCC_ClkInitStruct.SYSCLKSource = RCC_SYSCLKSOURCE_PLLCLK;
 108              		.loc 1 149 0
 109 0072 0495     		str	r5, [sp, #16]
 150:Src/main.c    ****   RCC_ClkInitStruct.AHBCLKDivider = RCC_SYSCLK_DIV1;
 110              		.loc 1 150 0
 111 0074 0594     		str	r4, [sp, #20]
 151:Src/main.c    ****   RCC_ClkInitStruct.APB1CLKDivider = RCC_HCLK_DIV2;
 112              		.loc 1 151 0
 113 0076 4FF48053 		mov	r3, #4096
 114 007a 0693     		str	r3, [sp, #24]
 152:Src/main.c    ****   RCC_ClkInitStruct.APB2CLKDivider = RCC_HCLK_DIV1;
 115              		.loc 1 152 0
 116 007c 0794     		str	r4, [sp, #28]
 153:Src/main.c    **** 
 154:Src/main.c    ****   if (HAL_RCC_ClockConfig(&RCC_ClkInitStruct, FLASH_LATENCY_2) != HAL_OK)
 117              		.loc 1 154 0
 118 007e 2946     		mov	r1, r5
 119 0080 03A8     		add	r0, sp, #12
 120 0082 FFF7FEFF 		bl	HAL_RCC_ClockConfig
 121              	.LVL2:
 155:Src/main.c    ****   {
 156:Src/main.c    ****     Error_Handler();
 157:Src/main.c    ****   }
 158:Src/main.c    **** }
 122              		.loc 1 158 0
 123 0086 15B0     		add	sp, sp, #84
 124              	.LCFI2:
 125              		.cfi_def_cfa_offset 12
 126              		@ sp needed
 127 0088 30BD     		pop	{r4, r5, pc}
 128              	.L4:
ARM GAS  /var/folders/kp/233_yh1j2dd9gvn3v4mq48f40000gn/T//ccTz7xlO.s 			page 6


 129 008a 00BF     		.align	2
 130              	.L3:
 131 008c 00380240 		.word	1073887232
 132 0090 00700040 		.word	1073770496
 133              		.cfi_endproc
 134              	.LFE131:
 136              		.section	.text.main,"ax",%progbits
 137              		.align	1
 138              		.global	main
 139              		.syntax unified
 140              		.thumb
 141              		.thumb_func
 142              		.fpu fpv4-sp-d16
 144              	main:
 145              	.LFB130:
  71:Src/main.c    ****   /* USER CODE BEGIN 1 */
 146              		.loc 1 71 0
 147              		.cfi_startproc
 148              		@ Volatile: function does not return.
 149              		@ args = 0, pretend = 0, frame = 0
 150              		@ frame_needed = 0, uses_anonymous_args = 0
 151 0000 08B5     		push	{r3, lr}
 152              	.LCFI3:
 153              		.cfi_def_cfa_offset 8
 154              		.cfi_offset 3, -8
 155              		.cfi_offset 14, -4
  79:Src/main.c    **** 
 156              		.loc 1 79 0
 157 0002 FFF7FEFF 		bl	HAL_Init
 158              	.LVL3:
  86:Src/main.c    **** 
 159              		.loc 1 86 0
 160 0006 FFF7FEFF 		bl	SystemClock_Config
 161              	.LVL4:
  93:Src/main.c    ****   MX_DMA_Init();
 162              		.loc 1 93 0
 163 000a FFF7FEFF 		bl	MX_GPIO_Init
 164              	.LVL5:
  94:Src/main.c    ****   MX_ADC1_Init();
 165              		.loc 1 94 0
 166 000e FFF7FEFF 		bl	MX_DMA_Init
 167              	.LVL6:
  95:Src/main.c    ****   MX_SPI3_Init();
 168              		.loc 1 95 0
 169 0012 FFF7FEFF 		bl	MX_ADC1_Init
 170              	.LVL7:
  96:Src/main.c    ****   MX_TIM1_Init();
 171              		.loc 1 96 0
 172 0016 FFF7FEFF 		bl	MX_SPI3_Init
 173              	.LVL8:
  97:Src/main.c    ****   MX_TIM7_Init();
 174              		.loc 1 97 0
 175 001a FFF7FEFF 		bl	MX_TIM1_Init
 176              	.LVL9:
  98:Src/main.c    ****   MX_CAN1_Init();
 177              		.loc 1 98 0
 178 001e FFF7FEFF 		bl	MX_TIM7_Init
ARM GAS  /var/folders/kp/233_yh1j2dd9gvn3v4mq48f40000gn/T//ccTz7xlO.s 			page 7


 179              	.LVL10:
  99:Src/main.c    ****   MX_TIM6_Init();
 180              		.loc 1 99 0
 181 0022 FFF7FEFF 		bl	MX_CAN1_Init
 182              	.LVL11:
 100:Src/main.c    ****   MX_TIM10_Init();
 183              		.loc 1 100 0
 184 0026 FFF7FEFF 		bl	MX_TIM6_Init
 185              	.LVL12:
 101:Src/main.c    ****   /* USER CODE BEGIN 2 */
 186              		.loc 1 101 0
 187 002a FFF7FEFF 		bl	MX_TIM10_Init
 188              	.LVL13:
 103:Src/main.c    ****   /* USER CODE END 2 */
 189              		.loc 1 103 0
 190 002e FFF7FEFF 		bl	user_setup
 191              	.LVL14:
 192              	.L6:
 110:Src/main.c    ****     /* USER CODE END WHILE */
 193              		.loc 1 110 0 discriminator 1
 194 0032 FFF7FEFF 		bl	user_loop
 195              	.LVL15:
 196 0036 FCE7     		b	.L6
 197              		.cfi_endproc
 198              	.LFE130:
 200              		.section	.text.Error_Handler,"ax",%progbits
 201              		.align	1
 202              		.global	Error_Handler
 203              		.syntax unified
 204              		.thumb
 205              		.thumb_func
 206              		.fpu fpv4-sp-d16
 208              	Error_Handler:
 209              	.LFB132:
 159:Src/main.c    **** 
 160:Src/main.c    **** /* USER CODE BEGIN 4 */
 161:Src/main.c    **** 
 162:Src/main.c    **** /* USER CODE END 4 */
 163:Src/main.c    **** 
 164:Src/main.c    **** /**
 165:Src/main.c    ****   * @brief  This function is executed in case of error occurrence.
 166:Src/main.c    ****   * @retval None
 167:Src/main.c    ****   */
 168:Src/main.c    **** void Error_Handler(void)
 169:Src/main.c    **** {
 210              		.loc 1 169 0
 211              		.cfi_startproc
 212              		@ args = 0, pretend = 0, frame = 0
 213              		@ frame_needed = 0, uses_anonymous_args = 0
 214              		@ link register save eliminated.
 215 0000 7047     		bx	lr
 216              		.cfi_endproc
 217              	.LFE132:
 219              		.text
 220              	.Letext0:
 221              		.file 2 "/Users/geekzjk/opt/gcc-arm-none-eabi-6-2017-q2-update/arm-none-eabi/include/machine/_defa
 222              		.file 3 "/Users/geekzjk/opt/gcc-arm-none-eabi-6-2017-q2-update/arm-none-eabi/include/sys/_stdint.h
ARM GAS  /var/folders/kp/233_yh1j2dd9gvn3v4mq48f40000gn/T//ccTz7xlO.s 			page 8


 223              		.file 4 "Drivers/CMSIS/Include/core_cm4.h"
 224              		.file 5 "Drivers/CMSIS/Device/ST/STM32F4xx/Include/system_stm32f4xx.h"
 225              		.file 6 "Drivers/CMSIS/Device/ST/STM32F4xx/Include/stm32f405xx.h"
 226              		.file 7 "Drivers/CMSIS/Device/ST/STM32F4xx/Include/stm32f4xx.h"
 227              		.file 8 "Drivers/STM32F4xx_HAL_Driver/Inc/stm32f4xx_hal_def.h"
 228              		.file 9 "Drivers/STM32F4xx_HAL_Driver/Inc/stm32f4xx_hal_rcc_ex.h"
 229              		.file 10 "Drivers/STM32F4xx_HAL_Driver/Inc/stm32f4xx_hal_rcc.h"
 230              		.file 11 "Drivers/STM32F4xx_HAL_Driver/Inc/stm32f4xx_hal_dma.h"
 231              		.file 12 "Drivers/STM32F4xx_HAL_Driver/Inc/stm32f4xx_hal_adc.h"
 232              		.file 13 "Drivers/STM32F4xx_HAL_Driver/Inc/stm32f4xx_hal_can.h"
 233              		.file 14 "Drivers/STM32F4xx_HAL_Driver/Inc/stm32f4xx_hal_spi.h"
 234              		.file 15 "Drivers/STM32F4xx_HAL_Driver/Inc/stm32f4xx_hal_tim.h"
 235              		.file 16 "Drivers/STM32F4xx_HAL_Driver/Inc/stm32f4xx_hal.h"
 236              		.file 17 "Inc/adc.h"
 237              		.file 18 "Inc/can.h"
 238              		.file 19 "Inc/spi.h"
 239              		.file 20 "Inc/tim.h"
 240              		.file 21 "Inc/User/algorithm.h"
 241              		.file 22 "/Users/geekzjk/opt/gcc-arm-none-eabi-6-2017-q2-update/arm-none-eabi/include/sys/lock.h"
 242              		.file 23 "/Users/geekzjk/opt/gcc-arm-none-eabi-6-2017-q2-update/arm-none-eabi/include/sys/_types.h
 243              		.file 24 "/Users/geekzjk/opt/gcc-arm-none-eabi-6-2017-q2-update/lib/gcc/arm-none-eabi/6.3.1/includ
 244              		.file 25 "/Users/geekzjk/opt/gcc-arm-none-eabi-6-2017-q2-update/arm-none-eabi/include/sys/reent.h"
 245              		.file 26 "/Users/geekzjk/opt/gcc-arm-none-eabi-6-2017-q2-update/arm-none-eabi/include/stdlib.h"
 246              		.file 27 "Inc/User/motor_driver.h"
 247              		.file 28 "Inc/User/can_protocol.h"
 248              		.file 29 "Inc/User/WS2812B.h"
 249              		.file 30 "Inc/User/MPU6050.h"
 250              		.file 31 "Inc/User/M3508.h"
 251              		.file 32 "Inc/User/user_control.h"
 252              		.file 33 "Inc/User/user_main.h"
 253              		.file 34 "Inc/gpio.h"
 254              		.file 35 "Inc/dma.h"
ARM GAS  /var/folders/kp/233_yh1j2dd9gvn3v4mq48f40000gn/T//ccTz7xlO.s 			page 9


DEFINED SYMBOLS
                            *ABS*:0000000000000000 main.c
/var/folders/kp/233_yh1j2dd9gvn3v4mq48f40000gn/T//ccTz7xlO.s:18     .text.SystemClock_Config:0000000000000000 $t
/var/folders/kp/233_yh1j2dd9gvn3v4mq48f40000gn/T//ccTz7xlO.s:25     .text.SystemClock_Config:0000000000000000 SystemClock_Config
/var/folders/kp/233_yh1j2dd9gvn3v4mq48f40000gn/T//ccTz7xlO.s:131    .text.SystemClock_Config:000000000000008c $d
/var/folders/kp/233_yh1j2dd9gvn3v4mq48f40000gn/T//ccTz7xlO.s:137    .text.main:0000000000000000 $t
/var/folders/kp/233_yh1j2dd9gvn3v4mq48f40000gn/T//ccTz7xlO.s:144    .text.main:0000000000000000 main
/var/folders/kp/233_yh1j2dd9gvn3v4mq48f40000gn/T//ccTz7xlO.s:201    .text.Error_Handler:0000000000000000 $t
/var/folders/kp/233_yh1j2dd9gvn3v4mq48f40000gn/T//ccTz7xlO.s:208    .text.Error_Handler:0000000000000000 Error_Handler
                     .debug_frame:0000000000000010 $d

UNDEFINED SYMBOLS
memset
HAL_RCC_OscConfig
HAL_RCC_ClockConfig
HAL_Init
MX_GPIO_Init
MX_DMA_Init
MX_ADC1_Init
MX_SPI3_Init
MX_TIM1_Init
MX_TIM7_Init
MX_CAN1_Init
MX_TIM6_Init
MX_TIM10_Init
user_setup
user_loop
