ARM GAS  /var/folders/xk/r98rwmxs6v74g9mcvvcfhvz00000gn/T//ccCy33xc.s 			page 1


   1              		.cpu cortex-m4
   2              		.eabi_attribute 27, 1
   3              		.eabi_attribute 28, 1
   4              		.eabi_attribute 20, 1
   5              		.eabi_attribute 21, 1
   6              		.eabi_attribute 23, 3
   7              		.eabi_attribute 24, 1
   8              		.eabi_attribute 25, 1
   9              		.eabi_attribute 26, 1
  10              		.eabi_attribute 30, 1
  11              		.eabi_attribute 34, 1
  12              		.eabi_attribute 18, 4
  13              		.file	"stm32f4xx_it.c"
  14              		.text
  15              	.Ltext0:
  16              		.cfi_sections	.debug_frame
  17              		.section	.text.NMI_Handler,"ax",%progbits
  18              		.align	1
  19              		.global	NMI_Handler
  20              		.arch armv7e-m
  21              		.syntax unified
  22              		.thumb
  23              		.thumb_func
  24              		.fpu fpv4-sp-d16
  26              	NMI_Handler:
  27              	.LFB130:
  28              		.file 1 "Src/stm32f4xx_it.c"
   1:Src/stm32f4xx_it.c **** /* USER CODE BEGIN Header */
   2:Src/stm32f4xx_it.c **** /**
   3:Src/stm32f4xx_it.c ****   ******************************************************************************
   4:Src/stm32f4xx_it.c ****   * @file    stm32f4xx_it.c
   5:Src/stm32f4xx_it.c ****   * @brief   Interrupt Service Routines.
   6:Src/stm32f4xx_it.c ****   ******************************************************************************
   7:Src/stm32f4xx_it.c ****   * @attention
   8:Src/stm32f4xx_it.c ****   *
   9:Src/stm32f4xx_it.c ****   * <h2><center>&copy; Copyright (c) 2021 STMicroelectronics.
  10:Src/stm32f4xx_it.c ****   * All rights reserved.</center></h2>
  11:Src/stm32f4xx_it.c ****   *
  12:Src/stm32f4xx_it.c ****   * This software component is licensed by ST under BSD 3-Clause license,
  13:Src/stm32f4xx_it.c ****   * the "License"; You may not use this file except in compliance with the
  14:Src/stm32f4xx_it.c ****   * License. You may obtain a copy of the License at:
  15:Src/stm32f4xx_it.c ****   *                        opensource.org/licenses/BSD-3-Clause
  16:Src/stm32f4xx_it.c ****   *
  17:Src/stm32f4xx_it.c ****   ******************************************************************************
  18:Src/stm32f4xx_it.c ****   */
  19:Src/stm32f4xx_it.c **** /* USER CODE END Header */
  20:Src/stm32f4xx_it.c **** 
  21:Src/stm32f4xx_it.c **** /* Includes ------------------------------------------------------------------*/
  22:Src/stm32f4xx_it.c **** #include "main.h"
  23:Src/stm32f4xx_it.c **** #include "stm32f4xx_it.h"
  24:Src/stm32f4xx_it.c **** /* Private includes ----------------------------------------------------------*/
  25:Src/stm32f4xx_it.c **** /* USER CODE BEGIN Includes */
  26:Src/stm32f4xx_it.c **** #include "motor_driver.h"
  27:Src/stm32f4xx_it.c **** /* USER CODE END Includes */
  28:Src/stm32f4xx_it.c **** 
  29:Src/stm32f4xx_it.c **** /* Private typedef -----------------------------------------------------------*/
  30:Src/stm32f4xx_it.c **** /* USER CODE BEGIN TD */
ARM GAS  /var/folders/xk/r98rwmxs6v74g9mcvvcfhvz00000gn/T//ccCy33xc.s 			page 2


  31:Src/stm32f4xx_it.c **** 
  32:Src/stm32f4xx_it.c **** /* USER CODE END TD */
  33:Src/stm32f4xx_it.c **** 
  34:Src/stm32f4xx_it.c **** /* Private define ------------------------------------------------------------*/
  35:Src/stm32f4xx_it.c **** /* USER CODE BEGIN PD */
  36:Src/stm32f4xx_it.c ****  
  37:Src/stm32f4xx_it.c **** /* USER CODE END PD */
  38:Src/stm32f4xx_it.c **** 
  39:Src/stm32f4xx_it.c **** /* Private macro -------------------------------------------------------------*/
  40:Src/stm32f4xx_it.c **** /* USER CODE BEGIN PM */
  41:Src/stm32f4xx_it.c **** 
  42:Src/stm32f4xx_it.c **** /* USER CODE END PM */
  43:Src/stm32f4xx_it.c **** 
  44:Src/stm32f4xx_it.c **** /* Private variables ---------------------------------------------------------*/
  45:Src/stm32f4xx_it.c **** /* USER CODE BEGIN PV */
  46:Src/stm32f4xx_it.c **** 
  47:Src/stm32f4xx_it.c **** /* USER CODE END PV */
  48:Src/stm32f4xx_it.c **** 
  49:Src/stm32f4xx_it.c **** /* Private function prototypes -----------------------------------------------*/
  50:Src/stm32f4xx_it.c **** /* USER CODE BEGIN PFP */
  51:Src/stm32f4xx_it.c **** 
  52:Src/stm32f4xx_it.c **** /* USER CODE END PFP */
  53:Src/stm32f4xx_it.c **** 
  54:Src/stm32f4xx_it.c **** /* Private user code ---------------------------------------------------------*/
  55:Src/stm32f4xx_it.c **** /* USER CODE BEGIN 0 */
  56:Src/stm32f4xx_it.c **** 
  57:Src/stm32f4xx_it.c **** /* USER CODE END 0 */
  58:Src/stm32f4xx_it.c **** 
  59:Src/stm32f4xx_it.c **** /* External variables --------------------------------------------------------*/
  60:Src/stm32f4xx_it.c **** extern DMA_HandleTypeDef hdma_adc1;
  61:Src/stm32f4xx_it.c **** extern TIM_HandleTypeDef htim6;
  62:Src/stm32f4xx_it.c **** extern TIM_HandleTypeDef htim7;
  63:Src/stm32f4xx_it.c **** /* USER CODE BEGIN EV */
  64:Src/stm32f4xx_it.c **** 
  65:Src/stm32f4xx_it.c **** /* USER CODE END EV */
  66:Src/stm32f4xx_it.c **** 
  67:Src/stm32f4xx_it.c **** /******************************************************************************/
  68:Src/stm32f4xx_it.c **** /*           Cortex-M4 Processor Interruption and Exception Handlers          */ 
  69:Src/stm32f4xx_it.c **** /******************************************************************************/
  70:Src/stm32f4xx_it.c **** /**
  71:Src/stm32f4xx_it.c ****   * @brief This function handles Non maskable interrupt.
  72:Src/stm32f4xx_it.c ****   */
  73:Src/stm32f4xx_it.c **** void NMI_Handler(void)
  74:Src/stm32f4xx_it.c **** {
  29              		.loc 1 74 1 view -0
  30              		.cfi_startproc
  31              		@ args = 0, pretend = 0, frame = 0
  32              		@ frame_needed = 0, uses_anonymous_args = 0
  33              		@ link register save eliminated.
  75:Src/stm32f4xx_it.c ****   /* USER CODE BEGIN NonMaskableInt_IRQn 0 */
  76:Src/stm32f4xx_it.c **** 
  77:Src/stm32f4xx_it.c ****   /* USER CODE END NonMaskableInt_IRQn 0 */
  78:Src/stm32f4xx_it.c ****   /* USER CODE BEGIN NonMaskableInt_IRQn 1 */
  79:Src/stm32f4xx_it.c **** 
  80:Src/stm32f4xx_it.c ****   /* USER CODE END NonMaskableInt_IRQn 1 */
  81:Src/stm32f4xx_it.c **** }
  34              		.loc 1 81 1 view .LVU1
ARM GAS  /var/folders/xk/r98rwmxs6v74g9mcvvcfhvz00000gn/T//ccCy33xc.s 			page 3


  35 0000 7047     		bx	lr
  36              		.cfi_endproc
  37              	.LFE130:
  39              		.section	.text.HardFault_Handler,"ax",%progbits
  40              		.align	1
  41              		.global	HardFault_Handler
  42              		.syntax unified
  43              		.thumb
  44              		.thumb_func
  45              		.fpu fpv4-sp-d16
  47              	HardFault_Handler:
  48              	.LFB131:
  82:Src/stm32f4xx_it.c **** 
  83:Src/stm32f4xx_it.c **** /**
  84:Src/stm32f4xx_it.c ****   * @brief This function handles Hard fault interrupt.
  85:Src/stm32f4xx_it.c ****   */
  86:Src/stm32f4xx_it.c **** void HardFault_Handler(void)
  87:Src/stm32f4xx_it.c **** {
  49              		.loc 1 87 1 view -0
  50              		.cfi_startproc
  51              		@ Volatile: function does not return.
  52              		@ args = 0, pretend = 0, frame = 0
  53              		@ frame_needed = 0, uses_anonymous_args = 0
  54              		@ link register save eliminated.
  55              	.L3:
  88:Src/stm32f4xx_it.c ****   /* USER CODE BEGIN HardFault_IRQn 0 */
  89:Src/stm32f4xx_it.c **** 
  90:Src/stm32f4xx_it.c ****   /* USER CODE END HardFault_IRQn 0 */
  91:Src/stm32f4xx_it.c ****   while (1)
  56              		.loc 1 91 3 discriminator 1 view .LVU3
  92:Src/stm32f4xx_it.c ****   {
  93:Src/stm32f4xx_it.c ****     /* USER CODE BEGIN W1_HardFault_IRQn 0 */
  94:Src/stm32f4xx_it.c ****     /* USER CODE END W1_HardFault_IRQn 0 */
  95:Src/stm32f4xx_it.c ****   }
  57              		.loc 1 95 3 discriminator 1 view .LVU4
  91:Src/stm32f4xx_it.c ****   {
  58              		.loc 1 91 9 discriminator 1 view .LVU5
  59 0000 FEE7     		b	.L3
  60              		.cfi_endproc
  61              	.LFE131:
  63              		.section	.text.MemManage_Handler,"ax",%progbits
  64              		.align	1
  65              		.global	MemManage_Handler
  66              		.syntax unified
  67              		.thumb
  68              		.thumb_func
  69              		.fpu fpv4-sp-d16
  71              	MemManage_Handler:
  72              	.LFB132:
  96:Src/stm32f4xx_it.c **** }
  97:Src/stm32f4xx_it.c **** 
  98:Src/stm32f4xx_it.c **** /**
  99:Src/stm32f4xx_it.c ****   * @brief This function handles Memory management fault.
 100:Src/stm32f4xx_it.c ****   */
 101:Src/stm32f4xx_it.c **** void MemManage_Handler(void)
 102:Src/stm32f4xx_it.c **** {
  73              		.loc 1 102 1 view -0
ARM GAS  /var/folders/xk/r98rwmxs6v74g9mcvvcfhvz00000gn/T//ccCy33xc.s 			page 4


  74              		.cfi_startproc
  75              		@ Volatile: function does not return.
  76              		@ args = 0, pretend = 0, frame = 0
  77              		@ frame_needed = 0, uses_anonymous_args = 0
  78              		@ link register save eliminated.
  79              	.L5:
 103:Src/stm32f4xx_it.c ****   /* USER CODE BEGIN MemoryManagement_IRQn 0 */
 104:Src/stm32f4xx_it.c **** 
 105:Src/stm32f4xx_it.c ****   /* USER CODE END MemoryManagement_IRQn 0 */
 106:Src/stm32f4xx_it.c ****   while (1)
  80              		.loc 1 106 3 discriminator 1 view .LVU7
 107:Src/stm32f4xx_it.c ****   {
 108:Src/stm32f4xx_it.c ****     /* USER CODE BEGIN W1_MemoryManagement_IRQn 0 */
 109:Src/stm32f4xx_it.c ****     /* USER CODE END W1_MemoryManagement_IRQn 0 */
 110:Src/stm32f4xx_it.c ****   }
  81              		.loc 1 110 3 discriminator 1 view .LVU8
 106:Src/stm32f4xx_it.c ****   {
  82              		.loc 1 106 9 discriminator 1 view .LVU9
  83 0000 FEE7     		b	.L5
  84              		.cfi_endproc
  85              	.LFE132:
  87              		.section	.text.BusFault_Handler,"ax",%progbits
  88              		.align	1
  89              		.global	BusFault_Handler
  90              		.syntax unified
  91              		.thumb
  92              		.thumb_func
  93              		.fpu fpv4-sp-d16
  95              	BusFault_Handler:
  96              	.LFB133:
 111:Src/stm32f4xx_it.c **** }
 112:Src/stm32f4xx_it.c **** 
 113:Src/stm32f4xx_it.c **** /**
 114:Src/stm32f4xx_it.c ****   * @brief This function handles Pre-fetch fault, memory access fault.
 115:Src/stm32f4xx_it.c ****   */
 116:Src/stm32f4xx_it.c **** void BusFault_Handler(void)
 117:Src/stm32f4xx_it.c **** {
  97              		.loc 1 117 1 view -0
  98              		.cfi_startproc
  99              		@ Volatile: function does not return.
 100              		@ args = 0, pretend = 0, frame = 0
 101              		@ frame_needed = 0, uses_anonymous_args = 0
 102              		@ link register save eliminated.
 103              	.L7:
 118:Src/stm32f4xx_it.c ****   /* USER CODE BEGIN BusFault_IRQn 0 */
 119:Src/stm32f4xx_it.c **** 
 120:Src/stm32f4xx_it.c ****   /* USER CODE END BusFault_IRQn 0 */
 121:Src/stm32f4xx_it.c ****   while (1)
 104              		.loc 1 121 3 discriminator 1 view .LVU11
 122:Src/stm32f4xx_it.c ****   {
 123:Src/stm32f4xx_it.c ****     /* USER CODE BEGIN W1_BusFault_IRQn 0 */
 124:Src/stm32f4xx_it.c ****     /* USER CODE END W1_BusFault_IRQn 0 */
 125:Src/stm32f4xx_it.c ****   }
 105              		.loc 1 125 3 discriminator 1 view .LVU12
 121:Src/stm32f4xx_it.c ****   {
 106              		.loc 1 121 9 discriminator 1 view .LVU13
 107 0000 FEE7     		b	.L7
ARM GAS  /var/folders/xk/r98rwmxs6v74g9mcvvcfhvz00000gn/T//ccCy33xc.s 			page 5


 108              		.cfi_endproc
 109              	.LFE133:
 111              		.section	.text.UsageFault_Handler,"ax",%progbits
 112              		.align	1
 113              		.global	UsageFault_Handler
 114              		.syntax unified
 115              		.thumb
 116              		.thumb_func
 117              		.fpu fpv4-sp-d16
 119              	UsageFault_Handler:
 120              	.LFB134:
 126:Src/stm32f4xx_it.c **** }
 127:Src/stm32f4xx_it.c **** 
 128:Src/stm32f4xx_it.c **** /**
 129:Src/stm32f4xx_it.c ****   * @brief This function handles Undefined instruction or illegal state.
 130:Src/stm32f4xx_it.c ****   */
 131:Src/stm32f4xx_it.c **** void UsageFault_Handler(void)
 132:Src/stm32f4xx_it.c **** {
 121              		.loc 1 132 1 view -0
 122              		.cfi_startproc
 123              		@ Volatile: function does not return.
 124              		@ args = 0, pretend = 0, frame = 0
 125              		@ frame_needed = 0, uses_anonymous_args = 0
 126              		@ link register save eliminated.
 127              	.L9:
 133:Src/stm32f4xx_it.c ****   /* USER CODE BEGIN UsageFault_IRQn 0 */
 134:Src/stm32f4xx_it.c **** 
 135:Src/stm32f4xx_it.c ****   /* USER CODE END UsageFault_IRQn 0 */
 136:Src/stm32f4xx_it.c ****   while (1)
 128              		.loc 1 136 3 discriminator 1 view .LVU15
 137:Src/stm32f4xx_it.c ****   {
 138:Src/stm32f4xx_it.c ****     /* USER CODE BEGIN W1_UsageFault_IRQn 0 */
 139:Src/stm32f4xx_it.c ****     /* USER CODE END W1_UsageFault_IRQn 0 */
 140:Src/stm32f4xx_it.c ****   }
 129              		.loc 1 140 3 discriminator 1 view .LVU16
 136:Src/stm32f4xx_it.c ****   {
 130              		.loc 1 136 9 discriminator 1 view .LVU17
 131 0000 FEE7     		b	.L9
 132              		.cfi_endproc
 133              	.LFE134:
 135              		.section	.text.SVC_Handler,"ax",%progbits
 136              		.align	1
 137              		.global	SVC_Handler
 138              		.syntax unified
 139              		.thumb
 140              		.thumb_func
 141              		.fpu fpv4-sp-d16
 143              	SVC_Handler:
 144              	.LFB135:
 141:Src/stm32f4xx_it.c **** }
 142:Src/stm32f4xx_it.c **** 
 143:Src/stm32f4xx_it.c **** /**
 144:Src/stm32f4xx_it.c ****   * @brief This function handles System service call via SWI instruction.
 145:Src/stm32f4xx_it.c ****   */
 146:Src/stm32f4xx_it.c **** void SVC_Handler(void)
 147:Src/stm32f4xx_it.c **** {
 145              		.loc 1 147 1 view -0
ARM GAS  /var/folders/xk/r98rwmxs6v74g9mcvvcfhvz00000gn/T//ccCy33xc.s 			page 6


 146              		.cfi_startproc
 147              		@ args = 0, pretend = 0, frame = 0
 148              		@ frame_needed = 0, uses_anonymous_args = 0
 149              		@ link register save eliminated.
 148:Src/stm32f4xx_it.c ****   /* USER CODE BEGIN SVCall_IRQn 0 */
 149:Src/stm32f4xx_it.c **** 
 150:Src/stm32f4xx_it.c ****   /* USER CODE END SVCall_IRQn 0 */
 151:Src/stm32f4xx_it.c ****   /* USER CODE BEGIN SVCall_IRQn 1 */
 152:Src/stm32f4xx_it.c **** 
 153:Src/stm32f4xx_it.c ****   /* USER CODE END SVCall_IRQn 1 */
 154:Src/stm32f4xx_it.c **** }
 150              		.loc 1 154 1 view .LVU19
 151 0000 7047     		bx	lr
 152              		.cfi_endproc
 153              	.LFE135:
 155              		.section	.text.DebugMon_Handler,"ax",%progbits
 156              		.align	1
 157              		.global	DebugMon_Handler
 158              		.syntax unified
 159              		.thumb
 160              		.thumb_func
 161              		.fpu fpv4-sp-d16
 163              	DebugMon_Handler:
 164              	.LFB136:
 155:Src/stm32f4xx_it.c **** 
 156:Src/stm32f4xx_it.c **** /**
 157:Src/stm32f4xx_it.c ****   * @brief This function handles Debug monitor.
 158:Src/stm32f4xx_it.c ****   */
 159:Src/stm32f4xx_it.c **** void DebugMon_Handler(void)
 160:Src/stm32f4xx_it.c **** {
 165              		.loc 1 160 1 view -0
 166              		.cfi_startproc
 167              		@ args = 0, pretend = 0, frame = 0
 168              		@ frame_needed = 0, uses_anonymous_args = 0
 169              		@ link register save eliminated.
 161:Src/stm32f4xx_it.c ****   /* USER CODE BEGIN DebugMonitor_IRQn 0 */
 162:Src/stm32f4xx_it.c **** 
 163:Src/stm32f4xx_it.c ****   /* USER CODE END DebugMonitor_IRQn 0 */
 164:Src/stm32f4xx_it.c ****   /* USER CODE BEGIN DebugMonitor_IRQn 1 */
 165:Src/stm32f4xx_it.c **** 
 166:Src/stm32f4xx_it.c ****   /* USER CODE END DebugMonitor_IRQn 1 */
 167:Src/stm32f4xx_it.c **** }
 170              		.loc 1 167 1 view .LVU21
 171 0000 7047     		bx	lr
 172              		.cfi_endproc
 173              	.LFE136:
 175              		.section	.text.PendSV_Handler,"ax",%progbits
 176              		.align	1
 177              		.global	PendSV_Handler
 178              		.syntax unified
 179              		.thumb
 180              		.thumb_func
 181              		.fpu fpv4-sp-d16
 183              	PendSV_Handler:
 184              	.LFB137:
 168:Src/stm32f4xx_it.c **** 
 169:Src/stm32f4xx_it.c **** /**
ARM GAS  /var/folders/xk/r98rwmxs6v74g9mcvvcfhvz00000gn/T//ccCy33xc.s 			page 7


 170:Src/stm32f4xx_it.c ****   * @brief This function handles Pendable request for system service.
 171:Src/stm32f4xx_it.c ****   */
 172:Src/stm32f4xx_it.c **** void PendSV_Handler(void)
 173:Src/stm32f4xx_it.c **** {
 185              		.loc 1 173 1 view -0
 186              		.cfi_startproc
 187              		@ args = 0, pretend = 0, frame = 0
 188              		@ frame_needed = 0, uses_anonymous_args = 0
 189              		@ link register save eliminated.
 174:Src/stm32f4xx_it.c ****   /* USER CODE BEGIN PendSV_IRQn 0 */
 175:Src/stm32f4xx_it.c **** 
 176:Src/stm32f4xx_it.c ****   /* USER CODE END PendSV_IRQn 0 */
 177:Src/stm32f4xx_it.c ****   /* USER CODE BEGIN PendSV_IRQn 1 */
 178:Src/stm32f4xx_it.c **** 
 179:Src/stm32f4xx_it.c ****   /* USER CODE END PendSV_IRQn 1 */
 180:Src/stm32f4xx_it.c **** }
 190              		.loc 1 180 1 view .LVU23
 191 0000 7047     		bx	lr
 192              		.cfi_endproc
 193              	.LFE137:
 195              		.section	.text.SysTick_Handler,"ax",%progbits
 196              		.align	1
 197              		.global	SysTick_Handler
 198              		.syntax unified
 199              		.thumb
 200              		.thumb_func
 201              		.fpu fpv4-sp-d16
 203              	SysTick_Handler:
 204              	.LFB138:
 181:Src/stm32f4xx_it.c **** 
 182:Src/stm32f4xx_it.c **** /**
 183:Src/stm32f4xx_it.c ****   * @brief This function handles System tick timer.
 184:Src/stm32f4xx_it.c ****   */
 185:Src/stm32f4xx_it.c **** void SysTick_Handler(void)
 186:Src/stm32f4xx_it.c **** {
 205              		.loc 1 186 1 view -0
 206              		.cfi_startproc
 207              		@ args = 0, pretend = 0, frame = 0
 208              		@ frame_needed = 0, uses_anonymous_args = 0
 209 0000 08B5     		push	{r3, lr}
 210              	.LCFI0:
 211              		.cfi_def_cfa_offset 8
 212              		.cfi_offset 3, -8
 213              		.cfi_offset 14, -4
 187:Src/stm32f4xx_it.c ****   /* USER CODE BEGIN SysTick_IRQn 0 */
 188:Src/stm32f4xx_it.c **** 
 189:Src/stm32f4xx_it.c ****   /* USER CODE END SysTick_IRQn 0 */
 190:Src/stm32f4xx_it.c ****   HAL_IncTick();
 214              		.loc 1 190 3 view .LVU25
 215 0002 FFF7FEFF 		bl	HAL_IncTick
 216              	.LVL0:
 191:Src/stm32f4xx_it.c ****   /* USER CODE BEGIN SysTick_IRQn 1 */
 192:Src/stm32f4xx_it.c **** 
 193:Src/stm32f4xx_it.c ****   /* USER CODE END SysTick_IRQn 1 */
 194:Src/stm32f4xx_it.c **** }
 217              		.loc 1 194 1 is_stmt 0 view .LVU26
 218 0006 08BD     		pop	{r3, pc}
ARM GAS  /var/folders/xk/r98rwmxs6v74g9mcvvcfhvz00000gn/T//ccCy33xc.s 			page 8


 219              		.cfi_endproc
 220              	.LFE138:
 222              		.section	.text.EXTI4_IRQHandler,"ax",%progbits
 223              		.align	1
 224              		.global	EXTI4_IRQHandler
 225              		.syntax unified
 226              		.thumb
 227              		.thumb_func
 228              		.fpu fpv4-sp-d16
 230              	EXTI4_IRQHandler:
 231              	.LFB139:
 195:Src/stm32f4xx_it.c **** 
 196:Src/stm32f4xx_it.c **** /******************************************************************************/
 197:Src/stm32f4xx_it.c **** /* STM32F4xx Peripheral Interrupt Handlers                                    */
 198:Src/stm32f4xx_it.c **** /* Add here the Interrupt Handlers for the used peripherals.                  */
 199:Src/stm32f4xx_it.c **** /* For the available peripheral interrupt handler names,                      */
 200:Src/stm32f4xx_it.c **** /* please refer to the startup file (startup_stm32f4xx.s).                    */
 201:Src/stm32f4xx_it.c **** /******************************************************************************/
 202:Src/stm32f4xx_it.c **** 
 203:Src/stm32f4xx_it.c **** /**
 204:Src/stm32f4xx_it.c ****   * @brief This function handles EXTI line4 interrupt.
 205:Src/stm32f4xx_it.c ****   */
 206:Src/stm32f4xx_it.c **** void EXTI4_IRQHandler(void)
 207:Src/stm32f4xx_it.c **** {
 232              		.loc 1 207 1 is_stmt 1 view -0
 233              		.cfi_startproc
 234              		@ args = 0, pretend = 0, frame = 0
 235              		@ frame_needed = 0, uses_anonymous_args = 0
 236 0000 08B5     		push	{r3, lr}
 237              	.LCFI1:
 238              		.cfi_def_cfa_offset 8
 239              		.cfi_offset 3, -8
 240              		.cfi_offset 14, -4
 208:Src/stm32f4xx_it.c ****   /* USER CODE BEGIN EXTI4_IRQn 0 */
 209:Src/stm32f4xx_it.c **** 
 210:Src/stm32f4xx_it.c ****   /* USER CODE END EXTI4_IRQn 0 */
 211:Src/stm32f4xx_it.c ****   HAL_GPIO_EXTI_IRQHandler(GPIO_PIN_4);
 241              		.loc 1 211 3 view .LVU28
 242 0002 1020     		movs	r0, #16
 243 0004 FFF7FEFF 		bl	HAL_GPIO_EXTI_IRQHandler
 244              	.LVL1:
 212:Src/stm32f4xx_it.c ****   /* USER CODE BEGIN EXTI4_IRQn 1 */
 213:Src/stm32f4xx_it.c ****   motor_change_phase();
 245              		.loc 1 213 3 view .LVU29
 246 0008 FFF7FEFF 		bl	motor_change_phase
 247              	.LVL2:
 214:Src/stm32f4xx_it.c ****   motor_get_speed();
 248              		.loc 1 214 3 view .LVU30
 249 000c FFF7FEFF 		bl	motor_get_speed
 250              	.LVL3:
 215:Src/stm32f4xx_it.c ****   motor_get_position();
 251              		.loc 1 215 3 view .LVU31
 252 0010 FFF7FEFF 		bl	motor_get_position
 253              	.LVL4:
 216:Src/stm32f4xx_it.c ****   /* USER CODE END EXTI4_IRQn 1 */
 217:Src/stm32f4xx_it.c **** }
 254              		.loc 1 217 1 is_stmt 0 view .LVU32
ARM GAS  /var/folders/xk/r98rwmxs6v74g9mcvvcfhvz00000gn/T//ccCy33xc.s 			page 9


 255 0014 08BD     		pop	{r3, pc}
 256              		.cfi_endproc
 257              	.LFE139:
 259              		.section	.text.EXTI9_5_IRQHandler,"ax",%progbits
 260              		.align	1
 261              		.global	EXTI9_5_IRQHandler
 262              		.syntax unified
 263              		.thumb
 264              		.thumb_func
 265              		.fpu fpv4-sp-d16
 267              	EXTI9_5_IRQHandler:
 268              	.LFB140:
 218:Src/stm32f4xx_it.c **** 
 219:Src/stm32f4xx_it.c **** /**
 220:Src/stm32f4xx_it.c ****   * @brief This function handles EXTI line[9:5] interrupts.
 221:Src/stm32f4xx_it.c ****   */
 222:Src/stm32f4xx_it.c **** void EXTI9_5_IRQHandler(void)
 223:Src/stm32f4xx_it.c **** {
 269              		.loc 1 223 1 is_stmt 1 view -0
 270              		.cfi_startproc
 271              		@ args = 0, pretend = 0, frame = 0
 272              		@ frame_needed = 0, uses_anonymous_args = 0
 273 0000 08B5     		push	{r3, lr}
 274              	.LCFI2:
 275              		.cfi_def_cfa_offset 8
 276              		.cfi_offset 3, -8
 277              		.cfi_offset 14, -4
 224:Src/stm32f4xx_it.c ****   /* USER CODE BEGIN EXTI9_5_IRQn 0 */
 225:Src/stm32f4xx_it.c **** 
 226:Src/stm32f4xx_it.c ****   /* USER CODE END EXTI9_5_IRQn 0 */
 227:Src/stm32f4xx_it.c ****   HAL_GPIO_EXTI_IRQHandler(GPIO_PIN_5);
 278              		.loc 1 227 3 view .LVU34
 279 0002 2020     		movs	r0, #32
 280 0004 FFF7FEFF 		bl	HAL_GPIO_EXTI_IRQHandler
 281              	.LVL5:
 228:Src/stm32f4xx_it.c ****   HAL_GPIO_EXTI_IRQHandler(GPIO_PIN_9);
 282              		.loc 1 228 3 view .LVU35
 283 0008 4FF40070 		mov	r0, #512
 284 000c FFF7FEFF 		bl	HAL_GPIO_EXTI_IRQHandler
 285              	.LVL6:
 229:Src/stm32f4xx_it.c ****   /* USER CODE BEGIN EXTI9_5_IRQn 1 */
 230:Src/stm32f4xx_it.c ****   motor_change_phase();
 286              		.loc 1 230 3 view .LVU36
 287 0010 FFF7FEFF 		bl	motor_change_phase
 288              	.LVL7:
 231:Src/stm32f4xx_it.c ****   motor_get_speed();
 289              		.loc 1 231 3 view .LVU37
 290 0014 FFF7FEFF 		bl	motor_get_speed
 291              	.LVL8:
 232:Src/stm32f4xx_it.c ****   motor_get_position();
 292              		.loc 1 232 3 view .LVU38
 293 0018 FFF7FEFF 		bl	motor_get_position
 294              	.LVL9:
 233:Src/stm32f4xx_it.c ****   /* USER CODE END EXTI9_5_IRQn 1 */
 234:Src/stm32f4xx_it.c **** }
 295              		.loc 1 234 1 is_stmt 0 view .LVU39
 296 001c 08BD     		pop	{r3, pc}
ARM GAS  /var/folders/xk/r98rwmxs6v74g9mcvvcfhvz00000gn/T//ccCy33xc.s 			page 10


 297              		.cfi_endproc
 298              	.LFE140:
 300              		.section	.text.TIM6_DAC_IRQHandler,"ax",%progbits
 301              		.align	1
 302              		.global	TIM6_DAC_IRQHandler
 303              		.syntax unified
 304              		.thumb
 305              		.thumb_func
 306              		.fpu fpv4-sp-d16
 308              	TIM6_DAC_IRQHandler:
 309              	.LFB141:
 235:Src/stm32f4xx_it.c **** 
 236:Src/stm32f4xx_it.c **** /**
 237:Src/stm32f4xx_it.c ****   * @brief This function handles TIM6 global interrupt, DAC1 and DAC2 underrun error interrupts.
 238:Src/stm32f4xx_it.c ****   */
 239:Src/stm32f4xx_it.c **** void TIM6_DAC_IRQHandler(void)
 240:Src/stm32f4xx_it.c **** {
 310              		.loc 1 240 1 is_stmt 1 view -0
 311              		.cfi_startproc
 312              		@ args = 0, pretend = 0, frame = 0
 313              		@ frame_needed = 0, uses_anonymous_args = 0
 314 0000 08B5     		push	{r3, lr}
 315              	.LCFI3:
 316              		.cfi_def_cfa_offset 8
 317              		.cfi_offset 3, -8
 318              		.cfi_offset 14, -4
 241:Src/stm32f4xx_it.c ****   /* USER CODE BEGIN TIM6_DAC_IRQn 0 */
 242:Src/stm32f4xx_it.c **** 
 243:Src/stm32f4xx_it.c ****   /* USER CODE END TIM6_DAC_IRQn 0 */
 244:Src/stm32f4xx_it.c ****   HAL_TIM_IRQHandler(&htim6);
 319              		.loc 1 244 3 view .LVU41
 320 0002 0548     		ldr	r0, .L21
 321 0004 FFF7FEFF 		bl	HAL_TIM_IRQHandler
 322              	.LVL10:
 245:Src/stm32f4xx_it.c ****   /* USER CODE BEGIN TIM6_DAC_IRQn 1 */
 246:Src/stm32f4xx_it.c ****   hall_tick_10us++;
 323              		.loc 1 246 3 view .LVU42
 324              		.loc 1 246 17 is_stmt 0 view .LVU43
 325 0008 044A     		ldr	r2, .L21+4
 326 000a 1368     		ldr	r3, [r2]
 327 000c 0133     		adds	r3, r3, #1
 328 000e 1360     		str	r3, [r2]
 247:Src/stm32f4xx_it.c ****   motor_check_0_speed();
 329              		.loc 1 247 3 is_stmt 1 view .LVU44
 330 0010 FFF7FEFF 		bl	motor_check_0_speed
 331              	.LVL11:
 248:Src/stm32f4xx_it.c ****   /* USER CODE END TIM6_DAC_IRQn 1 */
 249:Src/stm32f4xx_it.c **** }
 332              		.loc 1 249 1 is_stmt 0 view .LVU45
 333 0014 08BD     		pop	{r3, pc}
 334              	.L22:
 335 0016 00BF     		.align	2
 336              	.L21:
 337 0018 00000000 		.word	htim6
 338 001c 00000000 		.word	hall_tick_10us
 339              		.cfi_endproc
 340              	.LFE141:
ARM GAS  /var/folders/xk/r98rwmxs6v74g9mcvvcfhvz00000gn/T//ccCy33xc.s 			page 11


 342              		.section	.text.TIM7_IRQHandler,"ax",%progbits
 343              		.align	1
 344              		.global	TIM7_IRQHandler
 345              		.syntax unified
 346              		.thumb
 347              		.thumb_func
 348              		.fpu fpv4-sp-d16
 350              	TIM7_IRQHandler:
 351              	.LFB142:
 250:Src/stm32f4xx_it.c **** 
 251:Src/stm32f4xx_it.c **** /**
 252:Src/stm32f4xx_it.c ****   * @brief This function handles TIM7 global interrupt.
 253:Src/stm32f4xx_it.c ****   */
 254:Src/stm32f4xx_it.c **** void TIM7_IRQHandler(void)
 255:Src/stm32f4xx_it.c **** {
 352              		.loc 1 255 1 is_stmt 1 view -0
 353              		.cfi_startproc
 354              		@ args = 0, pretend = 0, frame = 0
 355              		@ frame_needed = 0, uses_anonymous_args = 0
 356 0000 08B5     		push	{r3, lr}
 357              	.LCFI4:
 358              		.cfi_def_cfa_offset 8
 359              		.cfi_offset 3, -8
 360              		.cfi_offset 14, -4
 256:Src/stm32f4xx_it.c ****   /* USER CODE BEGIN TIM7_IRQn 0 */
 257:Src/stm32f4xx_it.c **** 
 258:Src/stm32f4xx_it.c ****   /* USER CODE END TIM7_IRQn 0 */
 259:Src/stm32f4xx_it.c ****   HAL_TIM_IRQHandler(&htim7);
 361              		.loc 1 259 3 view .LVU47
 362 0002 0248     		ldr	r0, .L25
 363 0004 FFF7FEFF 		bl	HAL_TIM_IRQHandler
 364              	.LVL12:
 260:Src/stm32f4xx_it.c ****   /* USER CODE BEGIN TIM7_IRQn 1 */
 261:Src/stm32f4xx_it.c **** 
 262:Src/stm32f4xx_it.c ****   /* USER CODE END TIM7_IRQn 1 */
 263:Src/stm32f4xx_it.c **** }
 365              		.loc 1 263 1 is_stmt 0 view .LVU48
 366 0008 08BD     		pop	{r3, pc}
 367              	.L26:
 368 000a 00BF     		.align	2
 369              	.L25:
 370 000c 00000000 		.word	htim7
 371              		.cfi_endproc
 372              	.LFE142:
 374              		.section	.text.DMA2_Stream0_IRQHandler,"ax",%progbits
 375              		.align	1
 376              		.global	DMA2_Stream0_IRQHandler
 377              		.syntax unified
 378              		.thumb
 379              		.thumb_func
 380              		.fpu fpv4-sp-d16
 382              	DMA2_Stream0_IRQHandler:
 383              	.LFB143:
 264:Src/stm32f4xx_it.c **** 
 265:Src/stm32f4xx_it.c **** /**
 266:Src/stm32f4xx_it.c ****   * @brief This function handles DMA2 stream0 global interrupt.
 267:Src/stm32f4xx_it.c ****   */
ARM GAS  /var/folders/xk/r98rwmxs6v74g9mcvvcfhvz00000gn/T//ccCy33xc.s 			page 12


 268:Src/stm32f4xx_it.c **** void DMA2_Stream0_IRQHandler(void)
 269:Src/stm32f4xx_it.c **** {
 384              		.loc 1 269 1 is_stmt 1 view -0
 385              		.cfi_startproc
 386              		@ args = 0, pretend = 0, frame = 0
 387              		@ frame_needed = 0, uses_anonymous_args = 0
 388 0000 08B5     		push	{r3, lr}
 389              	.LCFI5:
 390              		.cfi_def_cfa_offset 8
 391              		.cfi_offset 3, -8
 392              		.cfi_offset 14, -4
 270:Src/stm32f4xx_it.c ****   /* USER CODE BEGIN DMA2_Stream0_IRQn 0 */
 271:Src/stm32f4xx_it.c **** 
 272:Src/stm32f4xx_it.c ****   /* USER CODE END DMA2_Stream0_IRQn 0 */
 273:Src/stm32f4xx_it.c ****   HAL_DMA_IRQHandler(&hdma_adc1);
 393              		.loc 1 273 3 view .LVU50
 394 0002 0248     		ldr	r0, .L29
 395 0004 FFF7FEFF 		bl	HAL_DMA_IRQHandler
 396              	.LVL13:
 274:Src/stm32f4xx_it.c ****   /* USER CODE BEGIN DMA2_Stream0_IRQn 1 */
 275:Src/stm32f4xx_it.c **** 
 276:Src/stm32f4xx_it.c ****   /* USER CODE END DMA2_Stream0_IRQn 1 */
 277:Src/stm32f4xx_it.c **** }
 397              		.loc 1 277 1 is_stmt 0 view .LVU51
 398 0008 08BD     		pop	{r3, pc}
 399              	.L30:
 400 000a 00BF     		.align	2
 401              	.L29:
 402 000c 00000000 		.word	hdma_adc1
 403              		.cfi_endproc
 404              	.LFE143:
 406              		.text
 407              	.Letext0:
 408              		.file 2 "/Users/geekzjk/opt/gcc-arm-none-eabi-9-2019-q4-major/arm-none-eabi/include/machine/_defau
 409              		.file 3 "/Users/geekzjk/opt/gcc-arm-none-eabi-9-2019-q4-major/arm-none-eabi/include/sys/_stdint.h"
 410              		.file 4 "Drivers/CMSIS/Include/core_cm4.h"
 411              		.file 5 "Drivers/CMSIS/Device/ST/STM32F4xx/Include/system_stm32f4xx.h"
 412              		.file 6 "Drivers/CMSIS/Device/ST/STM32F4xx/Include/stm32f405xx.h"
 413              		.file 7 "Drivers/CMSIS/Device/ST/STM32F4xx/Include/stm32f4xx.h"
 414              		.file 8 "Drivers/STM32F4xx_HAL_Driver/Inc/stm32f4xx_hal_def.h"
 415              		.file 9 "Drivers/STM32F4xx_HAL_Driver/Inc/stm32f4xx_hal_dma.h"
 416              		.file 10 "Drivers/STM32F4xx_HAL_Driver/Inc/stm32f4xx_hal_adc.h"
 417              		.file 11 "Drivers/STM32F4xx_HAL_Driver/Inc/stm32f4xx_hal_spi.h"
 418              		.file 12 "Drivers/STM32F4xx_HAL_Driver/Inc/stm32f4xx_hal_tim.h"
 419              		.file 13 "Drivers/STM32F4xx_HAL_Driver/Inc/stm32f4xx_hal.h"
 420              		.file 14 "Inc/tim.h"
 421              		.file 15 "Inc/spi.h"
 422              		.file 16 "Inc/adc.h"
 423              		.file 17 "Inc/User/algorithm.h"
 424              		.file 18 "Inc/User/user_main.h"
 425              		.file 19 "/Users/geekzjk/opt/gcc-arm-none-eabi-9-2019-q4-major/arm-none-eabi/include/sys/lock.h"
 426              		.file 20 "/Users/geekzjk/opt/gcc-arm-none-eabi-9-2019-q4-major/arm-none-eabi/include/sys/_types.h"
 427              		.file 21 "/Users/geekzjk/opt/gcc-arm-none-eabi-9-2019-q4-major/lib/gcc/arm-none-eabi/9.2.1/include
 428              		.file 22 "/Users/geekzjk/opt/gcc-arm-none-eabi-9-2019-q4-major/arm-none-eabi/include/sys/reent.h"
 429              		.file 23 "/Users/geekzjk/opt/gcc-arm-none-eabi-9-2019-q4-major/arm-none-eabi/include/stdlib.h"
 430              		.file 24 "Inc/User/motor_driver.h"
 431              		.file 25 "Drivers/STM32F4xx_HAL_Driver/Inc/stm32f4xx_hal_gpio.h"
ARM GAS  /var/folders/xk/r98rwmxs6v74g9mcvvcfhvz00000gn/T//ccCy33xc.s 			page 13


ARM GAS  /var/folders/xk/r98rwmxs6v74g9mcvvcfhvz00000gn/T//ccCy33xc.s 			page 14


DEFINED SYMBOLS
                            *ABS*:0000000000000000 stm32f4xx_it.c
/var/folders/xk/r98rwmxs6v74g9mcvvcfhvz00000gn/T//ccCy33xc.s:18     .text.NMI_Handler:0000000000000000 $t
/var/folders/xk/r98rwmxs6v74g9mcvvcfhvz00000gn/T//ccCy33xc.s:26     .text.NMI_Handler:0000000000000000 NMI_Handler
/var/folders/xk/r98rwmxs6v74g9mcvvcfhvz00000gn/T//ccCy33xc.s:40     .text.HardFault_Handler:0000000000000000 $t
/var/folders/xk/r98rwmxs6v74g9mcvvcfhvz00000gn/T//ccCy33xc.s:47     .text.HardFault_Handler:0000000000000000 HardFault_Handler
/var/folders/xk/r98rwmxs6v74g9mcvvcfhvz00000gn/T//ccCy33xc.s:64     .text.MemManage_Handler:0000000000000000 $t
/var/folders/xk/r98rwmxs6v74g9mcvvcfhvz00000gn/T//ccCy33xc.s:71     .text.MemManage_Handler:0000000000000000 MemManage_Handler
/var/folders/xk/r98rwmxs6v74g9mcvvcfhvz00000gn/T//ccCy33xc.s:88     .text.BusFault_Handler:0000000000000000 $t
/var/folders/xk/r98rwmxs6v74g9mcvvcfhvz00000gn/T//ccCy33xc.s:95     .text.BusFault_Handler:0000000000000000 BusFault_Handler
/var/folders/xk/r98rwmxs6v74g9mcvvcfhvz00000gn/T//ccCy33xc.s:112    .text.UsageFault_Handler:0000000000000000 $t
/var/folders/xk/r98rwmxs6v74g9mcvvcfhvz00000gn/T//ccCy33xc.s:119    .text.UsageFault_Handler:0000000000000000 UsageFault_Handler
/var/folders/xk/r98rwmxs6v74g9mcvvcfhvz00000gn/T//ccCy33xc.s:136    .text.SVC_Handler:0000000000000000 $t
/var/folders/xk/r98rwmxs6v74g9mcvvcfhvz00000gn/T//ccCy33xc.s:143    .text.SVC_Handler:0000000000000000 SVC_Handler
/var/folders/xk/r98rwmxs6v74g9mcvvcfhvz00000gn/T//ccCy33xc.s:156    .text.DebugMon_Handler:0000000000000000 $t
/var/folders/xk/r98rwmxs6v74g9mcvvcfhvz00000gn/T//ccCy33xc.s:163    .text.DebugMon_Handler:0000000000000000 DebugMon_Handler
/var/folders/xk/r98rwmxs6v74g9mcvvcfhvz00000gn/T//ccCy33xc.s:176    .text.PendSV_Handler:0000000000000000 $t
/var/folders/xk/r98rwmxs6v74g9mcvvcfhvz00000gn/T//ccCy33xc.s:183    .text.PendSV_Handler:0000000000000000 PendSV_Handler
/var/folders/xk/r98rwmxs6v74g9mcvvcfhvz00000gn/T//ccCy33xc.s:196    .text.SysTick_Handler:0000000000000000 $t
/var/folders/xk/r98rwmxs6v74g9mcvvcfhvz00000gn/T//ccCy33xc.s:203    .text.SysTick_Handler:0000000000000000 SysTick_Handler
/var/folders/xk/r98rwmxs6v74g9mcvvcfhvz00000gn/T//ccCy33xc.s:223    .text.EXTI4_IRQHandler:0000000000000000 $t
/var/folders/xk/r98rwmxs6v74g9mcvvcfhvz00000gn/T//ccCy33xc.s:230    .text.EXTI4_IRQHandler:0000000000000000 EXTI4_IRQHandler
/var/folders/xk/r98rwmxs6v74g9mcvvcfhvz00000gn/T//ccCy33xc.s:260    .text.EXTI9_5_IRQHandler:0000000000000000 $t
/var/folders/xk/r98rwmxs6v74g9mcvvcfhvz00000gn/T//ccCy33xc.s:267    .text.EXTI9_5_IRQHandler:0000000000000000 EXTI9_5_IRQHandler
/var/folders/xk/r98rwmxs6v74g9mcvvcfhvz00000gn/T//ccCy33xc.s:301    .text.TIM6_DAC_IRQHandler:0000000000000000 $t
/var/folders/xk/r98rwmxs6v74g9mcvvcfhvz00000gn/T//ccCy33xc.s:308    .text.TIM6_DAC_IRQHandler:0000000000000000 TIM6_DAC_IRQHandler
/var/folders/xk/r98rwmxs6v74g9mcvvcfhvz00000gn/T//ccCy33xc.s:337    .text.TIM6_DAC_IRQHandler:0000000000000018 $d
/var/folders/xk/r98rwmxs6v74g9mcvvcfhvz00000gn/T//ccCy33xc.s:343    .text.TIM7_IRQHandler:0000000000000000 $t
/var/folders/xk/r98rwmxs6v74g9mcvvcfhvz00000gn/T//ccCy33xc.s:350    .text.TIM7_IRQHandler:0000000000000000 TIM7_IRQHandler
/var/folders/xk/r98rwmxs6v74g9mcvvcfhvz00000gn/T//ccCy33xc.s:370    .text.TIM7_IRQHandler:000000000000000c $d
/var/folders/xk/r98rwmxs6v74g9mcvvcfhvz00000gn/T//ccCy33xc.s:375    .text.DMA2_Stream0_IRQHandler:0000000000000000 $t
/var/folders/xk/r98rwmxs6v74g9mcvvcfhvz00000gn/T//ccCy33xc.s:382    .text.DMA2_Stream0_IRQHandler:0000000000000000 DMA2_Stream0_IRQHandler
/var/folders/xk/r98rwmxs6v74g9mcvvcfhvz00000gn/T//ccCy33xc.s:402    .text.DMA2_Stream0_IRQHandler:000000000000000c $d

UNDEFINED SYMBOLS
HAL_IncTick
HAL_GPIO_EXTI_IRQHandler
motor_change_phase
motor_get_speed
motor_get_position
HAL_TIM_IRQHandler
motor_check_0_speed
htim6
hall_tick_10us
htim7
HAL_DMA_IRQHandler
hdma_adc1
